The target system is: Linux -  - aarch64
The host system is: Linux - 5.15.0-76-generic - x86_64
Compiling the C compiler identification source file "CMakeCCompilerId.c" succeeded.
Compiler: /opt/atk-dlrv1126b-toolchain/bin/aarch64-buildroot-linux-gnu-gcc 
Build flags: 
Id flags:  

The output was:
0


Compilation of the C compiler identification source "CMakeCCompilerId.c" produced "a.out"

The C compiler identification is GNU, found in "/home/alientek/linux/video-yolo26/cpp/build/build_atk_rknn_yolo26_cam_rv1126b_linux_aarch64_Release/CMakeFiles/3.16.3/CompilerIdC/a.out"

Compiling the CXX compiler identification source file "CMakeCXXCompilerId.cpp" succeeded.
Compiler: /opt/atk-dlrv1126b-toolchain/bin/aarch64-buildroot-linux-gnu-g++ 
Build flags: 
Id flags:  

The output was:
0


Compilation of the CXX compiler identification source "CMakeCXXCompilerId.cpp" produced "a.out"

The CXX compiler identification is GNU, found in "/home/alientek/linux/video-yolo26/cpp/build/build_atk_rknn_yolo26_cam_rv1126b_linux_aarch64_Release/CMakeFiles/3.16.3/CompilerIdCXX/a.out"

Determining if the C compiler works passed with the following output:
Change Dir: /home/alientek/linux/video-yolo26/cpp/build/build_atk_rknn_yolo26_cam_rv1126b_linux_aarch64_Release/CMakeFiles/CMakeTmp

Run Build Command(s):/usr/bin/make cmTC_07afc/fast && /usr/bin/make -f CMakeFiles/cmTC_07afc.dir/build.make CMakeFiles/cmTC_07afc.dir/build
make[1]: 进入目录“/home/alientek/linux/video-yolo26/cpp/build/build_atk_rknn_yolo26_cam_rv1126b_linux_aarch64_Release/CMakeFiles/CMakeTmp”
Building C object CMakeFiles/cmTC_07afc.dir/testCCompiler.c.o
/opt/atk-dlrv1126b-toolchain/bin/aarch64-buildroot-linux-gnu-gcc    -o CMakeFiles/cmTC_07afc.dir/testCCompiler.c.o   -c /home/alientek/linux/video-yolo26/cpp/build/build_atk_rknn_yolo26_cam_rv1126b_linux_aarch64_Release/CMakeFiles/CMakeTmp/testCCompiler.c
Linking C executable cmTC_07afc
/usr/bin/cmake -E cmake_link_script CMakeFiles/cmTC_07afc.dir/link.txt --verbose=1
/opt/atk-dlrv1126b-toolchain/bin/aarch64-buildroot-linux-gnu-gcc      CMakeFiles/cmTC_07afc.dir/testCCompiler.c.o  -o cmTC_07afc 
make[1]: 离开目录“/home/alientek/linux/video-yolo26/cpp/build/build_atk_rknn_yolo26_cam_rv1126b_linux_aarch64_Release/CMakeFiles/CMakeTmp”



Detecting C compiler ABI info compiled with the following output:
Change Dir: /home/alientek/linux/video-yolo26/cpp/build/build_atk_rknn_yolo26_cam_rv1126b_linux_aarch64_Release/CMakeFiles/CMakeTmp

Run Build Command(s):/usr/bin/make cmTC_3d2c8/fast && /usr/bin/make -f CMakeFiles/cmTC_3d2c8.dir/build.make CMakeFiles/cmTC_3d2c8.dir/build
make[1]: Entering directory '/home/alientek/linux/video-yolo26/cpp/build/build_atk_rknn_yolo26_cam_rv1126b_linux_aarch64_Release/CMakeFiles/CMakeTmp'
Building C object CMakeFiles/cmTC_3d2c8.dir/CMakeCCompilerABI.c.o
/opt/atk-dlrv1126b-toolchain/bin/aarch64-buildroot-linux-gnu-gcc   -v -o CMakeFiles/cmTC_3d2c8.dir/CMakeCCompilerABI.c.o   -c /usr/share/cmake-3.16/Modules/CMakeCCompilerABI.c
Using built-in specs.
COLLECT_GCC=/opt/atk-dlrv1126b-toolchain/bin/aarch64-buildroot-linux-gnu-gcc.br_real
Target: aarch64-buildroot-linux-gnu
Configured with: ./configure --prefix=/home/alientek/rk/ATK-DLRV1126B/buildroot/output/alientek_rv1126b/host --sysconfdir=/home/alientek/rk/ATK-DLRV1126B/buildroot/output/alientek_rv1126b/host/etc --enable-static --target=aarch64-buildroot-linux-gnu --with-sysroot=/home/alientek/rk/ATK-DLRV1126B/buildroot/output/alientek_rv1126b/host/aarch64-buildroot-linux-gnu/sysroot --enable-__cxa_atexit --with-gnu-ld --disable-libssp --disable-multilib --disable-decimal-float --enable-plugins --enable-lto --with-gmp=/home/alientek/rk/ATK-DLRV1126B/buildroot/output/alientek_rv1126b/host --with-mpc=/home/alientek/rk/ATK-DLRV1126B/buildroot/output/alientek_rv1126b/host --with-mpfr=/home/alientek/rk/ATK-DLRV1126B/buildroot/output/alientek_rv1126b/host --with-pkgversion='Buildroot -g27143f26' --with-bugurl=https://gitlab.com/buildroot.org/buildroot/-/issues --without-zstd --disable-libquadmath --disable-libquadmath-support --enable-tls --enable-threads --without-isl --without-cloog --with-abi=lp64 --with-cpu=cortex-a53 --enable-languages=c,c++ --with-build-time-tools=/home/alientek/rk/ATK-DLRV1126B/buildroot/output/alientek_rv1126b/host/aarch64-buildroot-linux-gnu/bin --enable-shared --enable-libgomp
Thread model: posix
Supported LTO compression algorithms: zlib
gcc version 13.4.0 (Buildroot -g27143f26) 
COLLECT_GCC_OPTIONS='--sysroot=/opt/atk-dlrv1126b-toolchain/aarch64-buildroot-linux-gnu/sysroot' '-fstack-protector-strong' '-fPIE' '-pie' '-v' '-o' 'CMakeFiles/cmTC_3d2c8.dir/CMakeCCompilerABI.c.o' '-c' '-mcpu=cortex-a53' '-mlittle-endian' '-mabi=lp64' '-dumpdir' 'CMakeFiles/cmTC_3d2c8.dir/'
 /opt/atk-dlrv1126b-toolchain/bin/../libexec/gcc/aarch64-buildroot-linux-gnu/13.4.0/cc1 -quiet -v -iprefix /opt/atk-dlrv1126b-toolchain/bin/../lib/gcc/aarch64-buildroot-linux-gnu/13.4.0/ -isysroot /opt/atk-dlrv1126b-toolchain/aarch64-buildroot-linux-gnu/sysroot /usr/share/cmake-3.16/Modules/CMakeCCompilerABI.c -quiet -dumpdir CMakeFiles/cmTC_3d2c8.dir/ -dumpbase CMakeCCompilerABI.c.c -dumpbase-ext .c -mcpu=cortex-a53 -mlittle-endian -mabi=lp64 -version -fstack-protector-strong -fPIE -o /tmp/ccJK6Uad.s
GNU C17 (Buildroot -g27143f26) version 13.4.0 (aarch64-buildroot-linux-gnu)
	compiled by GNU C version 9.4.0, GMP version 6.3.0, MPFR version 4.1.1, MPC version 1.2.1, isl version none
GGC heuristics: --param ggc-min-expand=100 --param ggc-min-heapsize=131072
ignoring duplicate directory "/opt/atk-dlrv1126b-toolchain/bin/../lib/gcc/../../lib/gcc/aarch64-buildroot-linux-gnu/13.4.0/include"
ignoring nonexistent directory "/opt/atk-dlrv1126b-toolchain/aarch64-buildroot-linux-gnu/sysroot/usr/local/include"
ignoring duplicate directory "/opt/atk-dlrv1126b-toolchain/bin/../lib/gcc/../../lib/gcc/aarch64-buildroot-linux-gnu/13.4.0/include-fixed"
ignoring duplicate directory "/opt/atk-dlrv1126b-toolchain/bin/../lib/gcc/../../lib/gcc/aarch64-buildroot-linux-gnu/13.4.0/../../../../aarch64-buildroot-linux-gnu/include"
#include "..." search starts here:
#include <...> search starts here:
 /opt/atk-dlrv1126b-toolchain/bin/../lib/gcc/aarch64-buildroot-linux-gnu/13.4.0/include
 /opt/atk-dlrv1126b-toolchain/bin/../lib/gcc/aarch64-buildroot-linux-gnu/13.4.0/include-fixed
 /opt/atk-dlrv1126b-toolchain/bin/../lib/gcc/aarch64-buildroot-linux-gnu/13.4.0/../../../../aarch64-buildroot-linux-gnu/include
 /opt/atk-dlrv1126b-toolchain/aarch64-buildroot-linux-gnu/sysroot/usr/include
End of search list.
Compiler executable checksum: 45731fd28dd6ae0ba9e81dd947cf3d06
COLLECT_GCC_OPTIONS='--sysroot=/opt/atk-dlrv1126b-toolchain/aarch64-buildroot-linux-gnu/sysroot' '-fstack-protector-strong' '-fPIE' '-pie' '-v' '-o' 'CMakeFiles/cmTC_3d2c8.dir/CMakeCCompilerABI.c.o' '-c' '-mcpu=cortex-a53' '-mlittle-endian' '-mabi=lp64' '-dumpdir' 'CMakeFiles/cmTC_3d2c8.dir/'
 /opt/atk-dlrv1126b-toolchain/bin/../lib/gcc/aarch64-buildroot-linux-gnu/13.4.0/../../../../aarch64-buildroot-linux-gnu/bin/as -v -EL -march=armv8-a+crc -mabi=lp64 -o CMakeFiles/cmTC_3d2c8.dir/CMakeCCompilerABI.c.o /tmp/ccJK6Uad.s
GNU assembler version 2.43.1 (aarch64-buildroot-linux-gnu) using BFD version (GNU Binutils) 2.43.1
COMPILER_PATH=/opt/atk-dlrv1126b-toolchain/bin/../libexec/gcc/aarch64-buildroot-linux-gnu/13.4.0/:/opt/atk-dlrv1126b-toolchain/bin/../libexec/gcc/:/opt/atk-dlrv1126b-toolchain/bin/../lib/gcc/aarch64-buildroot-linux-gnu/13.4.0/../../../../aarch64-buildroot-linux-gnu/bin/
LIBRARY_PATH=/opt/atk-dlrv1126b-toolchain/bin/../lib/gcc/aarch64-buildroot-linux-gnu/13.4.0/:/opt/atk-dlrv1126b-toolchain/bin/../lib/gcc/:/opt/atk-dlrv1126b-toolchain/bin/../lib/gcc/aarch64-buildroot-linux-gnu/13.4.0/../../../../aarch64-buildroot-linux-gnu/lib/../lib64/:/opt/atk-dlrv1126b-toolchain/aarch64-buildroot-linux-gnu/sysroot/lib/../lib64/:/opt/atk-dlrv1126b-toolchain/aarch64-buildroot-linux-gnu/sysroot/usr/lib/../lib64/:/opt/atk-dlrv1126b-toolchain/bin/../lib/gcc/aarch64-buildroot-linux-gnu/13.4.0/../../../../aarch64-buildroot-linux-gnu/lib/:/opt/atk-dlrv1126b-toolchain/aarch64-buildroot-linux-gnu/sysroot/lib/:/opt/atk-dlrv1126b-toolchain/aarch64-buildroot-linux-gnu/sysroot/usr/lib/
COLLECT_GCC_OPTIONS='--sysroot=/opt/atk-dlrv1126b-toolchain/aarch64-buildroot-linux-gnu/sysroot' '-fstack-protector-strong' '-fPIE' '-pie' '-v' '-o' 'CMakeFiles/cmTC_3d2c8.dir/CMakeCCompilerABI.c.o' '-c' '-mcpu=cortex-a53' '-mlittle-endian' '-mabi=lp64' '-dumpdir' 'CMakeFiles/cmTC_3d2c8.dir/CMakeCCompilerABI.c.'
Linking C executable cmTC_3d2c8
/usr/bin/cmake -E cmake_link_script CMakeFiles/cmTC_3d2c8.dir/link.txt --verbose=1
/opt/atk-dlrv1126b-toolchain/bin/aarch64-buildroot-linux-gnu-gcc     -v CMakeFiles/cmTC_3d2c8.dir/CMakeCCompilerABI.c.o  -o cmTC_3d2c8 
Using built-in specs.
COLLECT_GCC=/opt/atk-dlrv1126b-toolchain/bin/aarch64-buildroot-linux-gnu-gcc.br_real
COLLECT_LTO_WRAPPER=/opt/atk-dlrv1126b-toolchain/bin/../libexec/gcc/aarch64-buildroot-linux-gnu/13.4.0/lto-wrapper
Target: aarch64-buildroot-linux-gnu
Configured with: ./configure --prefix=/home/alientek/rk/ATK-DLRV1126B/buildroot/output/alientek_rv1126b/host --sysconfdir=/home/alientek/rk/ATK-DLRV1126B/buildroot/output/alientek_rv1126b/host/etc --enable-static --target=aarch64-buildroot-linux-gnu --with-sysroot=/home/alientek/rk/ATK-DLRV1126B/buildroot/output/alientek_rv1126b/host/aarch64-buildroot-linux-gnu/sysroot --enable-__cxa_atexit --with-gnu-ld --disable-libssp --disable-multilib --disable-decimal-float --enable-plugins --enable-lto --with-gmp=/home/alientek/rk/ATK-DLRV1126B/buildroot/output/alientek_rv1126b/host --with-mpc=/home/alientek/rk/ATK-DLRV1126B/buildroot/output/alientek_rv1126b/host --with-mpfr=/home/alientek/rk/ATK-DLRV1126B/buildroot/output/alientek_rv1126b/host --with-pkgversion='Buildroot -g27143f26' --with-bugurl=https://gitlab.com/buildroot.org/buildroot/-/issues --without-zstd --disable-libquadmath --disable-libquadmath-support --enable-tls --enable-threads --without-isl --without-cloog --with-abi=lp64 --with-cpu=cortex-a53 --enable-languages=c,c++ --with-build-time-tools=/home/alientek/rk/ATK-DLRV1126B/buildroot/output/alientek_rv1126b/host/aarch64-buildroot-linux-gnu/bin --enable-shared --enable-libgomp
Thread model: posix
Supported LTO compression algorithms: zlib
gcc version 13.4.0 (Buildroot -g27143f26) 
COMPILER_PATH=/opt/atk-dlrv1126b-toolchain/bin/../libexec/gcc/aarch64-buildroot-linux-gnu/13.4.0/:/opt/atk-dlrv1126b-toolchain/bin/../libexec/gcc/:/opt/atk-dlrv1126b-toolchain/bin/../lib/gcc/aarch64-buildroot-linux-gnu/13.4.0/../../../../aarch64-buildroot-linux-gnu/bin/
LIBRARY_PATH=/opt/atk-dlrv1126b-toolchain/bin/../lib/gcc/aarch64-buildroot-linux-gnu/13.4.0/:/opt/atk-dlrv1126b-toolchain/bin/../lib/gcc/:/opt/atk-dlrv1126b-toolchain/bin/../lib/gcc/aarch64-buildroot-linux-gnu/13.4.0/../../../../aarch64-buildroot-linux-gnu/lib/../lib64/:/opt/atk-dlrv1126b-toolchain/aarch64-buildroot-linux-gnu/sysroot/lib/../lib64/:/opt/atk-dlrv1126b-toolchain/aarch64-buildroot-linux-gnu/sysroot/usr/lib/../lib64/:/opt/atk-dlrv1126b-toolchain/bin/../lib/gcc/aarch64-buildroot-linux-gnu/13.4.0/../../../../aarch64-buildroot-linux-gnu/lib/:/opt/atk-dlrv1126b-toolchain/aarch64-buildroot-linux-gnu/sysroot/lib/:/opt/atk-dlrv1126b-toolchain/aarch64-buildroot-linux-gnu/sysroot/usr/lib/
COLLECT_GCC_OPTIONS='--sysroot=/opt/atk-dlrv1126b-toolchain/aarch64-buildroot-linux-gnu/sysroot' '-fstack-protector-strong' '-fPIE' '-pie' '-v' '-o' 'cmTC_3d2c8' '-mcpu=cortex-a53' '-mlittle-endian' '-mabi=lp64' '-dumpdir' 'cmTC_3d2c8.'
 /opt/atk-dlrv1126b-toolchain/bin/../libexec/gcc/aarch64-buildroot-linux-gnu/13.4.0/collect2 -plugin /opt/atk-dlrv1126b-toolchain/bin/../libexec/gcc/aarch64-buildroot-linux-gnu/13.4.0/liblto_plugin.so -plugin-opt=/opt/atk-dlrv1126b-toolchain/bin/../libexec/gcc/aarch64-buildroot-linux-gnu/13.4.0/lto-wrapper -plugin-opt=-fresolution=/tmp/ccJjug4F.res -plugin-opt=-pass-through=-lgcc -plugin-opt=-pass-through=-lgcc_s -plugin-opt=-pass-through=-lc -plugin-opt=-pass-through=-lgcc -plugin-opt=-pass-through=-lgcc_s --sysroot=/opt/atk-dlrv1126b-toolchain/aarch64-buildroot-linux-gnu/sysroot --eh-frame-hdr -dynamic-linker /lib/ld-linux-aarch64.so.1 -X -EL -maarch64linux -pie -o cmTC_3d2c8 /opt/atk-dlrv1126b-toolchain/aarch64-buildroot-linux-gnu/sysroot/lib/../lib64/Scrt1.o /opt/atk-dlrv1126b-toolchain/aarch64-buildroot-linux-gnu/sysroot/lib/../lib64/crti.o /opt/atk-dlrv1126b-toolchain/bin/../lib/gcc/aarch64-buildroot-linux-gnu/13.4.0/crtbeginS.o -L/opt/atk-dlrv1126b-toolchain/bin/../lib/gcc/aarch64-buildroot-linux-gnu/13.4.0 -L/opt/atk-dlrv1126b-toolchain/bin/../lib/gcc -L/opt/atk-dlrv1126b-toolchain/bin/../lib/gcc/aarch64-buildroot-linux-gnu/13.4.0/../../../../aarch64-buildroot-linux-gnu/lib/../lib64 -L/opt/atk-dlrv1126b-toolchain/aarch64-buildroot-linux-gnu/sysroot/lib/../lib64 -L/opt/atk-dlrv1126b-toolchain/aarch64-buildroot-linux-gnu/sysroot/usr/lib/../lib64 -L/opt/atk-dlrv1126b-toolchain/bin/../lib/gcc/aarch64-buildroot-linux-gnu/13.4.0/../../../../aarch64-buildroot-linux-gnu/lib -L/opt/atk-dlrv1126b-toolchain/aarch64-buildroot-linux-gnu/sysroot/lib -L/opt/atk-dlrv1126b-toolchain/aarch64-buildroot-linux-gnu/sysroot/usr/lib -z max-page-size=4096 -z common-page-size=4096 -z now -z relro CMakeFiles/cmTC_3d2c8.dir/CMakeCCompilerABI.c.o -lgcc --push-state --as-needed -lgcc_s --pop-state -lc -lgcc --push-state --as-needed -lgcc_s --pop-state /opt/atk-dlrv1126b-toolchain/bin/../lib/gcc/aarch64-buildroot-linux-gnu/13.4.0/crtendS.o /opt/atk-dlrv1126b-toolchain/aarch64-buildroot-linux-gnu/sysroot/lib/../lib64/crtn.o
COLLECT_GCC_OPTIONS='--sysroot=/opt/atk-dlrv1126b-toolchain/aarch64-buildroot-linux-gnu/sysroot' '-fstack-protector-strong' '-fPIE' '-pie' '-v' '-o' 'cmTC_3d2c8' '-mcpu=cortex-a53' '-mlittle-endian' '-mabi=lp64' '-dumpdir' 'cmTC_3d2c8.'
make[1]: Leaving directory '/home/alientek/linux/video-yolo26/cpp/build/build_atk_rknn_yolo26_cam_rv1126b_linux_aarch64_Release/CMakeFiles/CMakeTmp'



Parsed C implicit include dir info from above output: rv=done
  found start of include info
  found start of implicit include info
    add: [/opt/atk-dlrv1126b-toolchain/bin/../lib/gcc/aarch64-buildroot-linux-gnu/13.4.0/include]
    add: [/opt/atk-dlrv1126b-toolchain/bin/../lib/gcc/aarch64-buildroot-linux-gnu/13.4.0/include-fixed]
    add: [/opt/atk-dlrv1126b-toolchain/bin/../lib/gcc/aarch64-buildroot-linux-gnu/13.4.0/../../../../aarch64-buildroot-linux-gnu/include]
    add: [/opt/atk-dlrv1126b-toolchain/aarch64-buildroot-linux-gnu/sysroot/usr/include]
  end of search list found
  collapse include dir [/opt/atk-dlrv1126b-toolchain/bin/../lib/gcc/aarch64-buildroot-linux-gnu/13.4.0/include] ==> [/opt/atk-dlrv1126b-toolchain/lib/gcc/aarch64-buildroot-linux-gnu/13.4.0/include]
  collapse include dir [/opt/atk-dlrv1126b-toolchain/bin/../lib/gcc/aarch64-buildroot-linux-gnu/13.4.0/include-fixed] ==> [/opt/atk-dlrv1126b-toolchain/lib/gcc/aarch64-buildroot-linux-gnu/13.4.0/include-fixed]
  collapse include dir [/opt/atk-dlrv1126b-toolchain/bin/../lib/gcc/aarch64-buildroot-linux-gnu/13.4.0/../../../../aarch64-buildroot-linux-gnu/include] ==> [/opt/atk-dlrv1126b-toolchain/aarch64-buildroot-linux-gnu/include]
  collapse include dir [/opt/atk-dlrv1126b-toolchain/aarch64-buildroot-linux-gnu/sysroot/usr/include] ==> [/opt/atk-dlrv1126b-toolchain/aarch64-buildroot-linux-gnu/sysroot/usr/include]
  implicit include dirs: [/opt/atk-dlrv1126b-toolchain/lib/gcc/aarch64-buildroot-linux-gnu/13.4.0/include;/opt/atk-dlrv1126b-toolchain/lib/gcc/aarch64-buildroot-linux-gnu/13.4.0/include-fixed;/opt/atk-dlrv1126b-toolchain/aarch64-buildroot-linux-gnu/include;/opt/atk-dlrv1126b-toolchain/aarch64-buildroot-linux-gnu/sysroot/usr/include]


Parsed C implicit link information from above output:
  link line regex: [^( *|.*[/\])(aarch64-buildroot-linux-gnu-ld|CMAKE_LINK_STARTFILE-NOTFOUND|([^/\]+-)?ld|collect2)[^/\]*( |$)]
  ignore line: [Change Dir: /home/alientek/linux/video-yolo26/cpp/build/build_atk_rknn_yolo26_cam_rv1126b_linux_aarch64_Release/CMakeFiles/CMakeTmp]
  ignore line: []
  ignore line: [Run Build Command(s):/usr/bin/make cmTC_3d2c8/fast && /usr/bin/make -f CMakeFiles/cmTC_3d2c8.dir/build.make CMakeFiles/cmTC_3d2c8.dir/build]
  ignore line: [make[1]: Entering directory '/home/alientek/linux/video-yolo26/cpp/build/build_atk_rknn_yolo26_cam_rv1126b_linux_aarch64_Release/CMakeFiles/CMakeTmp']
  ignore line: [Building C object CMakeFiles/cmTC_3d2c8.dir/CMakeCCompilerABI.c.o]
  ignore line: [/opt/atk-dlrv1126b-toolchain/bin/aarch64-buildroot-linux-gnu-gcc   -v -o CMakeFiles/cmTC_3d2c8.dir/CMakeCCompilerABI.c.o   -c /usr/share/cmake-3.16/Modules/CMakeCCompilerABI.c]
  ignore line: [Using built-in specs.]
  ignore line: [COLLECT_GCC=/opt/atk-dlrv1126b-toolchain/bin/aarch64-buildroot-linux-gnu-gcc.br_real]
  ignore line: [Target: aarch64-buildroot-linux-gnu]
  ignore line: [Configured with: ./configure --prefix=/home/alientek/rk/ATK-DLRV1126B/buildroot/output/alientek_rv1126b/host --sysconfdir=/home/alientek/rk/ATK-DLRV1126B/buildroot/output/alientek_rv1126b/host/etc --enable-static --target=aarch64-buildroot-linux-gnu --with-sysroot=/home/alientek/rk/ATK-DLRV1126B/buildroot/output/alientek_rv1126b/host/aarch64-buildroot-linux-gnu/sysroot --enable-__cxa_atexit --with-gnu-ld --disable-libssp --disable-multilib --disable-decimal-float --enable-plugins --enable-lto --with-gmp=/home/alientek/rk/ATK-DLRV1126B/buildroot/output/alientek_rv1126b/host --with-mpc=/home/alientek/rk/ATK-DLRV1126B/buildroot/output/alientek_rv1126b/host --with-mpfr=/home/alientek/rk/ATK-DLRV1126B/buildroot/output/alientek_rv1126b/host --with-pkgversion='Buildroot -g27143f26' --with-bugurl=https://gitlab.com/buildroot.org/buildroot/-/issues --without-zstd --disable-libquadmath --disable-libquadmath-support --enable-tls --enable-threads --without-isl --without-cloog --with-abi=lp64 --with-cpu=cortex-a53 --enable-languages=c,c++ --with-build-time-tools=/home/alientek/rk/ATK-DLRV1126B/buildroot/output/alientek_rv1126b/host/aarch64-buildroot-linux-gnu/bin --enable-shared --enable-libgomp]
  ignore line: [Thread model: posix]
  ignore line: [Supported LTO compression algorithms: zlib]
  ignore line: [gcc version 13.4.0 (Buildroot -g27143f26) ]
  ignore line: [COLLECT_GCC_OPTIONS='--sysroot=/opt/atk-dlrv1126b-toolchain/aarch64-buildroot-linux-gnu/sysroot' '-fstack-protector-strong' '-fPIE' '-pie' '-v' '-o' 'CMakeFiles/cmTC_3d2c8.dir/CMakeCCompilerABI.c.o' '-c' '-mcpu=cortex-a53' '-mlittle-endian' '-mabi=lp64' '-dumpdir' 'CMakeFiles/cmTC_3d2c8.dir/']
  ignore line: [ /opt/atk-dlrv1126b-toolchain/bin/../libexec/gcc/aarch64-buildroot-linux-gnu/13.4.0/cc1 -quiet -v -iprefix /opt/atk-dlrv1126b-toolchain/bin/../lib/gcc/aarch64-buildroot-linux-gnu/13.4.0/ -isysroot /opt/atk-dlrv1126b-toolchain/aarch64-buildroot-linux-gnu/sysroot /usr/share/cmake-3.16/Modules/CMakeCCompilerABI.c -quiet -dumpdir CMakeFiles/cmTC_3d2c8.dir/ -dumpbase CMakeCCompilerABI.c.c -dumpbase-ext .c -mcpu=cortex-a53 -mlittle-endian -mabi=lp64 -version -fstack-protector-strong -fPIE -o /tmp/ccJK6Uad.s]
  ignore line: [GNU C17 (Buildroot -g27143f26) version 13.4.0 (aarch64-buildroot-linux-gnu)]
  ignore line: [	compiled by GNU C version 9.4.0  GMP version 6.3.0  MPFR version 4.1.1  MPC version 1.2.1  isl version none]
  ignore line: [GGC heuristics: --param ggc-min-expand=100 --param ggc-min-heapsize=131072]
  ignore line: [ignoring duplicate directory "/opt/atk-dlrv1126b-toolchain/bin/../lib/gcc/../../lib/gcc/aarch64-buildroot-linux-gnu/13.4.0/include"]
  ignore line: [ignoring nonexistent directory "/opt/atk-dlrv1126b-toolchain/aarch64-buildroot-linux-gnu/sysroot/usr/local/include"]
  ignore line: [ignoring duplicate directory "/opt/atk-dlrv1126b-toolchain/bin/../lib/gcc/../../lib/gcc/aarch64-buildroot-linux-gnu/13.4.0/include-fixed"]
  ignore line: [ignoring duplicate directory "/opt/atk-dlrv1126b-toolchain/bin/../lib/gcc/../../lib/gcc/aarch64-buildroot-linux-gnu/13.4.0/../../../../aarch64-buildroot-linux-gnu/include"]
  ignore line: [#include "..." search starts here:]
  ignore line: [#include <...> search starts here:]
  ignore line: [ /opt/atk-dlrv1126b-toolchain/bin/../lib/gcc/aarch64-buildroot-linux-gnu/13.4.0/include]
  ignore line: [ /opt/atk-dlrv1126b-toolchain/bin/../lib/gcc/aarch64-buildroot-linux-gnu/13.4.0/include-fixed]
  ignore line: [ /opt/atk-dlrv1126b-toolchain/bin/../lib/gcc/aarch64-buildroot-linux-gnu/13.4.0/../../../../aarch64-buildroot-linux-gnu/include]
  ignore line: [ /opt/atk-dlrv1126b-toolchain/aarch64-buildroot-linux-gnu/sysroot/usr/include]
  ignore line: [End of search list.]
  ignore line: [Compiler executable checksum: 45731fd28dd6ae0ba9e81dd947cf3d06]
  ignore line: [COLLECT_GCC_OPTIONS='--sysroot=/opt/atk-dlrv1126b-toolchain/aarch64-buildroot-linux-gnu/sysroot' '-fstack-protector-strong' '-fPIE' '-pie' '-v' '-o' 'CMakeFiles/cmTC_3d2c8.dir/CMakeCCompilerABI.c.o' '-c' '-mcpu=cortex-a53' '-mlittle-endian' '-mabi=lp64' '-dumpdir' 'CMakeFiles/cmTC_3d2c8.dir/']
  ignore line: [ /opt/atk-dlrv1126b-toolchain/bin/../lib/gcc/aarch64-buildroot-linux-gnu/13.4.0/../../../../aarch64-buildroot-linux-gnu/bin/as -v -EL -march=armv8-a+crc -mabi=lp64 -o CMakeFiles/cmTC_3d2c8.dir/CMakeCCompilerABI.c.o /tmp/ccJK6Uad.s]
  ignore line: [GNU assembler version 2.43.1 (aarch64-buildroot-linux-gnu) using BFD version (GNU Binutils) 2.43.1]
  ignore line: [COMPILER_PATH=/opt/atk-dlrv1126b-toolchain/bin/../libexec/gcc/aarch64-buildroot-linux-gnu/13.4.0/:/opt/atk-dlrv1126b-toolchain/bin/../libexec/gcc/:/opt/atk-dlrv1126b-toolchain/bin/../lib/gcc/aarch64-buildroot-linux-gnu/13.4.0/../../../../aarch64-buildroot-linux-gnu/bin/]
  ignore line: [LIBRARY_PATH=/opt/atk-dlrv1126b-toolchain/bin/../lib/gcc/aarch64-buildroot-linux-gnu/13.4.0/:/opt/atk-dlrv1126b-toolchain/bin/../lib/gcc/:/opt/atk-dlrv1126b-toolchain/bin/../lib/gcc/aarch64-buildroot-linux-gnu/13.4.0/../../../../aarch64-buildroot-linux-gnu/lib/../lib64/:/opt/atk-dlrv1126b-toolchain/aarch64-buildroot-linux-gnu/sysroot/lib/../lib64/:/opt/atk-dlrv1126b-toolchain/aarch64-buildroot-linux-gnu/sysroot/usr/lib/../lib64/:/opt/atk-dlrv1126b-toolchain/bin/../lib/gcc/aarch64-buildroot-linux-gnu/13.4.0/../../../../aarch64-buildroot-linux-gnu/lib/:/opt/atk-dlrv1126b-toolchain/aarch64-buildroot-linux-gnu/sysroot/lib/:/opt/atk-dlrv1126b-toolchain/aarch64-buildroot-linux-gnu/sysroot/usr/lib/]
  ignore line: [COLLECT_GCC_OPTIONS='--sysroot=/opt/atk-dlrv1126b-toolchain/aarch64-buildroot-linux-gnu/sysroot' '-fstack-protector-strong' '-fPIE' '-pie' '-v' '-o' 'CMakeFiles/cmTC_3d2c8.dir/CMakeCCompilerABI.c.o' '-c' '-mcpu=cortex-a53' '-mlittle-endian' '-mabi=lp64' '-dumpdir' 'CMakeFiles/cmTC_3d2c8.dir/CMakeCCompilerABI.c.']
  ignore line: [Linking C executable cmTC_3d2c8]
  ignore line: [/usr/bin/cmake -E cmake_link_script CMakeFiles/cmTC_3d2c8.dir/link.txt --verbose=1]
  ignore line: [/opt/atk-dlrv1126b-toolchain/bin/aarch64-buildroot-linux-gnu-gcc     -v CMakeFiles/cmTC_3d2c8.dir/CMakeCCompilerABI.c.o  -o cmTC_3d2c8 ]
  ignore line: [Using built-in specs.]
  ignore line: [COLLECT_GCC=/opt/atk-dlrv1126b-toolchain/bin/aarch64-buildroot-linux-gnu-gcc.br_real]
  ignore line: [COLLECT_LTO_WRAPPER=/opt/atk-dlrv1126b-toolchain/bin/../libexec/gcc/aarch64-buildroot-linux-gnu/13.4.0/lto-wrapper]
  ignore line: [Target: aarch64-buildroot-linux-gnu]
  ignore line: [Configured with: ./configure --prefix=/home/alientek/rk/ATK-DLRV1126B/buildroot/output/alientek_rv1126b/host --sysconfdir=/home/alientek/rk/ATK-DLRV1126B/buildroot/output/alientek_rv1126b/host/etc --enable-static --target=aarch64-buildroot-linux-gnu --with-sysroot=/home/alientek/rk/ATK-DLRV1126B/buildroot/output/alientek_rv1126b/host/aarch64-buildroot-linux-gnu/sysroot --enable-__cxa_atexit --with-gnu-ld --disable-libssp --disable-multilib --disable-decimal-float --enable-plugins --enable-lto --with-gmp=/home/alientek/rk/ATK-DLRV1126B/buildroot/output/alientek_rv1126b/host --with-mpc=/home/alientek/rk/ATK-DLRV1126B/buildroot/output/alientek_rv1126b/host --with-mpfr=/home/alientek/rk/ATK-DLRV1126B/buildroot/output/alientek_rv1126b/host --with-pkgversion='Buildroot -g27143f26' --with-bugurl=https://gitlab.com/buildroot.org/buildroot/-/issues --without-zstd --disable-libquadmath --disable-libquadmath-support --enable-tls --enable-threads --without-isl --without-cloog --with-abi=lp64 --with-cpu=cortex-a53 --enable-languages=c,c++ --with-build-time-tools=/home/alientek/rk/ATK-DLRV1126B/buildroot/output/alientek_rv1126b/host/aarch64-buildroot-linux-gnu/bin --enable-shared --enable-libgomp]
  ignore line: [Thread model: posix]
  ignore line: [Supported LTO compression algorithms: zlib]
  ignore line: [gcc version 13.4.0 (Buildroot -g27143f26) ]
  ignore line: [COMPILER_PATH=/opt/atk-dlrv1126b-toolchain/bin/../libexec/gcc/aarch64-buildroot-linux-gnu/13.4.0/:/opt/atk-dlrv1126b-toolchain/bin/../libexec/gcc/:/opt/atk-dlrv1126b-toolchain/bin/../lib/gcc/aarch64-buildroot-linux-gnu/13.4.0/../../../../aarch64-buildroot-linux-gnu/bin/]
  ignore line: [LIBRARY_PATH=/opt/atk-dlrv1126b-toolchain/bin/../lib/gcc/aarch64-buildroot-linux-gnu/13.4.0/:/opt/atk-dlrv1126b-toolchain/bin/../lib/gcc/:/opt/atk-dlrv1126b-toolchain/bin/../lib/gcc/aarch64-buildroot-linux-gnu/13.4.0/../../../../aarch64-buildroot-linux-gnu/lib/../lib64/:/opt/atk-dlrv1126b-toolchain/aarch64-buildroot-linux-gnu/sysroot/lib/../lib64/:/opt/atk-dlrv1126b-toolchain/aarch64-buildroot-linux-gnu/sysroot/usr/lib/../lib64/:/opt/atk-dlrv1126b-toolchain/bin/../lib/gcc/aarch64-buildroot-linux-gnu/13.4.0/../../../../aarch64-buildroot-linux-gnu/lib/:/opt/atk-dlrv1126b-toolchain/aarch64-buildroot-linux-gnu/sysroot/lib/:/opt/atk-dlrv1126b-toolchain/aarch64-buildroot-linux-gnu/sysroot/usr/lib/]
  ignore line: [COLLECT_GCC_OPTIONS='--sysroot=/opt/atk-dlrv1126b-toolchain/aarch64-buildroot-linux-gnu/sysroot' '-fstack-protector-strong' '-fPIE' '-pie' '-v' '-o' 'cmTC_3d2c8' '-mcpu=cortex-a53' '-mlittle-endian' '-mabi=lp64' '-dumpdir' 'cmTC_3d2c8.']
  link line: [ /opt/atk-dlrv1126b-toolchain/bin/../libexec/gcc/aarch64-buildroot-linux-gnu/13.4.0/collect2 -plugin /opt/atk-dlrv1126b-toolchain/bin/../libexec/gcc/aarch64-buildroot-linux-gnu/13.4.0/liblto_plugin.so -plugin-opt=/opt/atk-dlrv1126b-toolchain/bin/../libexec/gcc/aarch64-buildroot-linux-gnu/13.4.0/lto-wrapper -plugin-opt=-fresolution=/tmp/ccJjug4F.res -plugin-opt=-pass-through=-lgcc -plugin-opt=-pass-through=-lgcc_s -plugin-opt=-pass-through=-lc -plugin-opt=-pass-through=-lgcc -plugin-opt=-pass-through=-lgcc_s --sysroot=/opt/atk-dlrv1126b-toolchain/aarch64-buildroot-linux-gnu/sysroot --eh-frame-hdr -dynamic-linker /lib/ld-linux-aarch64.so.1 -X -EL -maarch64linux -pie -o cmTC_3d2c8 /opt/atk-dlrv1126b-toolchain/aarch64-buildroot-linux-gnu/sysroot/lib/../lib64/Scrt1.o /opt/atk-dlrv1126b-toolchain/aarch64-buildroot-linux-gnu/sysroot/lib/../lib64/crti.o /opt/atk-dlrv1126b-toolchain/bin/../lib/gcc/aarch64-buildroot-linux-gnu/13.4.0/crtbeginS.o -L/opt/atk-dlrv1126b-toolchain/bin/../lib/gcc/aarch64-buildroot-linux-gnu/13.4.0 -L/opt/atk-dlrv1126b-toolchain/bin/../lib/gcc -L/opt/atk-dlrv1126b-toolchain/bin/../lib/gcc/aarch64-buildroot-linux-gnu/13.4.0/../../../../aarch64-buildroot-linux-gnu/lib/../lib64 -L/opt/atk-dlrv1126b-toolchain/aarch64-buildroot-linux-gnu/sysroot/lib/../lib64 -L/opt/atk-dlrv1126b-toolchain/aarch64-buildroot-linux-gnu/sysroot/usr/lib/../lib64 -L/opt/atk-dlrv1126b-toolchain/bin/../lib/gcc/aarch64-buildroot-linux-gnu/13.4.0/../../../../aarch64-buildroot-linux-gnu/lib -L/opt/atk-dlrv1126b-toolchain/aarch64-buildroot-linux-gnu/sysroot/lib -L/opt/atk-dlrv1126b-toolchain/aarch64-buildroot-linux-gnu/sysroot/usr/lib -z max-page-size=4096 -z common-page-size=4096 -z now -z relro CMakeFiles/cmTC_3d2c8.dir/CMakeCCompilerABI.c.o -lgcc --push-state --as-needed -lgcc_s --pop-state -lc -lgcc --push-state --as-needed -lgcc_s --pop-state /opt/atk-dlrv1126b-toolchain/bin/../lib/gcc/aarch64-buildroot-linux-gnu/13.4.0/crtendS.o /opt/atk-dlrv1126b-toolchain/aarch64-buildroot-linux-gnu/sysroot/lib/../lib64/crtn.o]
    arg [/opt/atk-dlrv1126b-toolchain/bin/../libexec/gcc/aarch64-buildroot-linux-gnu/13.4.0/collect2] ==> ignore
    arg [-plugin] ==> ignore
    arg [/opt/atk-dlrv1126b-toolchain/bin/../libexec/gcc/aarch64-buildroot-linux-gnu/13.4.0/liblto_plugin.so] ==> ignore
    arg [-plugin-opt=/opt/atk-dlrv1126b-toolchain/bin/../libexec/gcc/aarch64-buildroot-linux-gnu/13.4.0/lto-wrapper] ==> ignore
    arg [-plugin-opt=-fresolution=/tmp/ccJjug4F.res] ==> ignore
    arg [-plugin-opt=-pass-through=-lgcc] ==> ignore
    arg [-plugin-opt=-pass-through=-lgcc_s] ==> ignore
    arg [-plugin-opt=-pass-through=-lc] ==> ignore
    arg [-plugin-opt=-pass-through=-lgcc] ==> ignore
    arg [-plugin-opt=-pass-through=-lgcc_s] ==> ignore
    arg [--sysroot=/opt/atk-dlrv1126b-toolchain/aarch64-buildroot-linux-gnu/sysroot] ==> ignore
    arg [--eh-frame-hdr] ==> ignore
    arg [-dynamic-linker] ==> ignore
    arg [/lib/ld-linux-aarch64.so.1] ==> ignore
    arg [-X] ==> ignore
    arg [-EL] ==> ignore
    arg [-maarch64linux] ==> ignore
    arg [-pie] ==> ignore
    arg [-o] ==> ignore
    arg [cmTC_3d2c8] ==> ignore
    arg [/opt/atk-dlrv1126b-toolchain/aarch64-buildroot-linux-gnu/sysroot/lib/../lib64/Scrt1.o] ==> ignore
    arg [/opt/atk-dlrv1126b-toolchain/aarch64-buildroot-linux-gnu/sysroot/lib/../lib64/crti.o] ==> ignore
    arg [/opt/atk-dlrv1126b-toolchain/bin/../lib/gcc/aarch64-buildroot-linux-gnu/13.4.0/crtbeginS.o] ==> ignore
    arg [-L/opt/atk-dlrv1126b-toolchain/bin/../lib/gcc/aarch64-buildroot-linux-gnu/13.4.0] ==> dir [/opt/atk-dlrv1126b-toolchain/bin/../lib/gcc/aarch64-buildroot-linux-gnu/13.4.0]
    arg [-L/opt/atk-dlrv1126b-toolchain/bin/../lib/gcc] ==> dir [/opt/atk-dlrv1126b-toolchain/bin/../lib/gcc]
    arg [-L/opt/atk-dlrv1126b-toolchain/bin/../lib/gcc/aarch64-buildroot-linux-gnu/13.4.0/../../../../aarch64-buildroot-linux-gnu/lib/../lib64] ==> dir [/opt/atk-dlrv1126b-toolchain/bin/../lib/gcc/aarch64-buildroot-linux-gnu/13.4.0/../../../../aarch64-buildroot-linux-gnu/lib/../lib64]
    arg [-L/opt/atk-dlrv1126b-toolchain/aarch64-buildroot-linux-gnu/sysroot/lib/../lib64] ==> dir [/opt/atk-dlrv1126b-toolchain/aarch64-buildroot-linux-gnu/sysroot/lib/../lib64]
    arg [-L/opt/atk-dlrv1126b-toolchain/aarch64-buildroot-linux-gnu/sysroot/usr/lib/../lib64] ==> dir [/opt/atk-dlrv1126b-toolchain/aarch64-buildroot-linux-gnu/sysroot/usr/lib/../lib64]
    arg [-L/opt/atk-dlrv1126b-toolchain/bin/../lib/gcc/aarch64-buildroot-linux-gnu/13.4.0/../../../../aarch64-buildroot-linux-gnu/lib] ==> dir [/opt/atk-dlrv1126b-toolchain/bin/../lib/gcc/aarch64-buildroot-linux-gnu/13.4.0/../../../../aarch64-buildroot-linux-gnu/lib]
    arg [-L/opt/atk-dlrv1126b-toolchain/aarch64-buildroot-linux-gnu/sysroot/lib] ==> dir [/opt/atk-dlrv1126b-toolchain/aarch64-buildroot-linux-gnu/sysroot/lib]
    arg [-L/opt/atk-dlrv1126b-toolchain/aarch64-buildroot-linux-gnu/sysroot/usr/lib] ==> dir [/opt/atk-dlrv1126b-toolchain/aarch64-buildroot-linux-gnu/sysroot/usr/lib]
    arg [-zmax-page-size=4096] ==> ignore
    arg [-zcommon-page-size=4096] ==> ignore
    arg [-znow] ==> ignore
    arg [-zrelro] ==> ignore
    arg [CMakeFiles/cmTC_3d2c8.dir/CMakeCCompilerABI.c.o] ==> ignore
    arg [-lgcc] ==> lib [gcc]
    arg [--push-state] ==> ignore
    arg [--as-needed] ==> ignore
    arg [-lgcc_s] ==> lib [gcc_s]
    arg [--pop-state] ==> ignore
    arg [-lc] ==> lib [c]
    arg [-lgcc] ==> lib [gcc]
    arg [--push-state] ==> ignore
    arg [--as-needed] ==> ignore
    arg [-lgcc_s] ==> lib [gcc_s]
    arg [--pop-state] ==> ignore
    arg [/opt/atk-dlrv1126b-toolchain/bin/../lib/gcc/aarch64-buildroot-linux-gnu/13.4.0/crtendS.o] ==> ignore
    arg [/opt/atk-dlrv1126b-toolchain/aarch64-buildroot-linux-gnu/sysroot/lib/../lib64/crtn.o] ==> ignore
  collapse library dir [/opt/atk-dlrv1126b-toolchain/bin/../lib/gcc/aarch64-buildroot-linux-gnu/13.4.0] ==> [/opt/atk-dlrv1126b-toolchain/lib/gcc/aarch64-buildroot-linux-gnu/13.4.0]
  collapse library dir [/opt/atk-dlrv1126b-toolchain/bin/../lib/gcc] ==> [/opt/atk-dlrv1126b-toolchain/lib/gcc]
  collapse library dir [/opt/atk-dlrv1126b-toolchain/bin/../lib/gcc/aarch64-buildroot-linux-gnu/13.4.0/../../../../aarch64-buildroot-linux-gnu/lib/../lib64] ==> [/opt/atk-dlrv1126b-toolchain/aarch64-buildroot-linux-gnu/lib64]
  collapse library dir [/opt/atk-dlrv1126b-toolchain/aarch64-buildroot-linux-gnu/sysroot/lib/../lib64] ==> [/opt/atk-dlrv1126b-toolchain/aarch64-buildroot-linux-gnu/sysroot/lib64]
  collapse library dir [/opt/atk-dlrv1126b-toolchain/aarch64-buildroot-linux-gnu/sysroot/usr/lib/../lib64] ==> [/opt/atk-dlrv1126b-toolchain/aarch64-buildroot-linux-gnu/sysroot/usr/lib64]
  collapse library dir [/opt/atk-dlrv1126b-toolchain/bin/../lib/gcc/aarch64-buildroot-linux-gnu/13.4.0/../../../../aarch64-buildroot-linux-gnu/lib] ==> [/opt/atk-dlrv1126b-toolchain/aarch64-buildroot-linux-gnu/lib]
  collapse library dir [/opt/atk-dlrv1126b-toolchain/aarch64-buildroot-linux-gnu/sysroot/lib] ==> [/opt/atk-dlrv1126b-toolchain/aarch64-buildroot-linux-gnu/sysroot/lib]
  collapse library dir [/opt/atk-dlrv1126b-toolchain/aarch64-buildroot-linux-gnu/sysroot/usr/lib] ==> [/opt/atk-dlrv1126b-toolchain/aarch64-buildroot-linux-gnu/sysroot/usr/lib]
  implicit libs: [gcc;gcc_s;c;gcc;gcc_s]
  implicit dirs: [/opt/atk-dlrv1126b-toolchain/lib/gcc/aarch64-buildroot-linux-gnu/13.4.0;/opt/atk-dlrv1126b-toolchain/lib/gcc;/opt/atk-dlrv1126b-toolchain/aarch64-buildroot-linux-gnu/lib64;/opt/atk-dlrv1126b-toolchain/aarch64-buildroot-linux-gnu/sysroot/lib64;/opt/atk-dlrv1126b-toolchain/aarch64-buildroot-linux-gnu/sysroot/usr/lib64;/opt/atk-dlrv1126b-toolchain/aarch64-buildroot-linux-gnu/lib;/opt/atk-dlrv1126b-toolchain/aarch64-buildroot-linux-gnu/sysroot/lib;/opt/atk-dlrv1126b-toolchain/aarch64-buildroot-linux-gnu/sysroot/usr/lib]
  implicit fwks: []


Determining if the CXX compiler works passed with the following output:
Change Dir: /home/alientek/linux/video-yolo26/cpp/build/build_atk_rknn_yolo26_cam_rv1126b_linux_aarch64_Release/CMakeFiles/CMakeTmp

Run Build Command(s):/usr/bin/make cmTC_f41c7/fast && /usr/bin/make -f CMakeFiles/cmTC_f41c7.dir/build.make CMakeFiles/cmTC_f41c7.dir/build
make[1]: 进入目录“/home/alientek/linux/video-yolo26/cpp/build/build_atk_rknn_yolo26_cam_rv1126b_linux_aarch64_Release/CMakeFiles/CMakeTmp”
Building CXX object CMakeFiles/cmTC_f41c7.dir/testCXXCompiler.cxx.o
/opt/atk-dlrv1126b-toolchain/bin/aarch64-buildroot-linux-gnu-g++     -o CMakeFiles/cmTC_f41c7.dir/testCXXCompiler.cxx.o -c /home/alientek/linux/video-yolo26/cpp/build/build_atk_rknn_yolo26_cam_rv1126b_linux_aarch64_Release/CMakeFiles/CMakeTmp/testCXXCompiler.cxx
Linking CXX executable cmTC_f41c7
/usr/bin/cmake -E cmake_link_script CMakeFiles/cmTC_f41c7.dir/link.txt --verbose=1
/opt/atk-dlrv1126b-toolchain/bin/aarch64-buildroot-linux-gnu-g++       CMakeFiles/cmTC_f41c7.dir/testCXXCompiler.cxx.o  -o cmTC_f41c7 
make[1]: 离开目录“/home/alientek/linux/video-yolo26/cpp/build/build_atk_rknn_yolo26_cam_rv1126b_linux_aarch64_Release/CMakeFiles/CMakeTmp”



Detecting CXX compiler ABI info compiled with the following output:
Change Dir: /home/alientek/linux/video-yolo26/cpp/build/build_atk_rknn_yolo26_cam_rv1126b_linux_aarch64_Release/CMakeFiles/CMakeTmp

Run Build Command(s):/usr/bin/make cmTC_60cf5/fast && /usr/bin/make -f CMakeFiles/cmTC_60cf5.dir/build.make CMakeFiles/cmTC_60cf5.dir/build
make[1]: Entering directory '/home/alientek/linux/video-yolo26/cpp/build/build_atk_rknn_yolo26_cam_rv1126b_linux_aarch64_Release/CMakeFiles/CMakeTmp'
Building CXX object CMakeFiles/cmTC_60cf5.dir/CMakeCXXCompilerABI.cpp.o
/opt/atk-dlrv1126b-toolchain/bin/aarch64-buildroot-linux-gnu-g++    -v -o CMakeFiles/cmTC_60cf5.dir/CMakeCXXCompilerABI.cpp.o -c /usr/share/cmake-3.16/Modules/CMakeCXXCompilerABI.cpp
Using built-in specs.
COLLECT_GCC=/opt/atk-dlrv1126b-toolchain/bin/aarch64-buildroot-linux-gnu-g++.br_real
Target: aarch64-buildroot-linux-gnu
Configured with: ./configure --prefix=/home/alientek/rk/ATK-DLRV1126B/buildroot/output/alientek_rv1126b/host --sysconfdir=/home/alientek/rk/ATK-DLRV1126B/buildroot/output/alientek_rv1126b/host/etc --enable-static --target=aarch64-buildroot-linux-gnu --with-sysroot=/home/alientek/rk/ATK-DLRV1126B/buildroot/output/alientek_rv1126b/host/aarch64-buildroot-linux-gnu/sysroot --enable-__cxa_atexit --with-gnu-ld --disable-libssp --disable-multilib --disable-decimal-float --enable-plugins --enable-lto --with-gmp=/home/alientek/rk/ATK-DLRV1126B/buildroot/output/alientek_rv1126b/host --with-mpc=/home/alientek/rk/ATK-DLRV1126B/buildroot/output/alientek_rv1126b/host --with-mpfr=/home/alientek/rk/ATK-DLRV1126B/buildroot/output/alientek_rv1126b/host --with-pkgversion='Buildroot -g27143f26' --with-bugurl=https://gitlab.com/buildroot.org/buildroot/-/issues --without-zstd --disable-libquadmath --disable-libquadmath-support --enable-tls --enable-threads --without-isl --without-cloog --with-abi=lp64 --with-cpu=cortex-a53 --enable-languages=c,c++ --with-build-time-tools=/home/alientek/rk/ATK-DLRV1126B/buildroot/output/alientek_rv1126b/host/aarch64-buildroot-linux-gnu/bin --enable-shared --enable-libgomp
Thread model: posix
Supported LTO compression algorithms: zlib
gcc version 13.4.0 (Buildroot -g27143f26) 
COLLECT_GCC_OPTIONS='--sysroot=/opt/atk-dlrv1126b-toolchain/aarch64-buildroot-linux-gnu/sysroot' '-fstack-protector-strong' '-fPIE' '-pie' '-v' '-o' 'CMakeFiles/cmTC_60cf5.dir/CMakeCXXCompilerABI.cpp.o' '-c' '-shared-libgcc' '-mcpu=cortex-a53' '-mlittle-endian' '-mabi=lp64' '-dumpdir' 'CMakeFiles/cmTC_60cf5.dir/'
 /opt/atk-dlrv1126b-toolchain/bin/../libexec/gcc/aarch64-buildroot-linux-gnu/13.4.0/cc1plus -quiet -v -iprefix /opt/atk-dlrv1126b-toolchain/bin/../lib/gcc/aarch64-buildroot-linux-gnu/13.4.0/ -isysroot /opt/atk-dlrv1126b-toolchain/aarch64-buildroot-linux-gnu/sysroot -D_GNU_SOURCE /usr/share/cmake-3.16/Modules/CMakeCXXCompilerABI.cpp -quiet -dumpdir CMakeFiles/cmTC_60cf5.dir/ -dumpbase CMakeCXXCompilerABI.cpp.cpp -dumpbase-ext .cpp -mcpu=cortex-a53 -mlittle-endian -mabi=lp64 -version -fstack-protector-strong -fPIE -o /tmp/ccYEjYab.s
GNU C++17 (Buildroot -g27143f26) version 13.4.0 (aarch64-buildroot-linux-gnu)
	compiled by GNU C version 9.4.0, GMP version 6.3.0, MPFR version 4.1.1, MPC version 1.2.1, isl version none
GGC heuristics: --param ggc-min-expand=100 --param ggc-min-heapsize=131072
ignoring duplicate directory "/opt/atk-dlrv1126b-toolchain/bin/../lib/gcc/../../lib/gcc/aarch64-buildroot-linux-gnu/13.4.0/../../../../aarch64-buildroot-linux-gnu/include/c++/13.4.0"
ignoring duplicate directory "/opt/atk-dlrv1126b-toolchain/bin/../lib/gcc/../../lib/gcc/aarch64-buildroot-linux-gnu/13.4.0/../../../../aarch64-buildroot-linux-gnu/include/c++/13.4.0/aarch64-buildroot-linux-gnu"
ignoring duplicate directory "/opt/atk-dlrv1126b-toolchain/bin/../lib/gcc/../../lib/gcc/aarch64-buildroot-linux-gnu/13.4.0/../../../../aarch64-buildroot-linux-gnu/include/c++/13.4.0/backward"
ignoring duplicate directory "/opt/atk-dlrv1126b-toolchain/bin/../lib/gcc/../../lib/gcc/aarch64-buildroot-linux-gnu/13.4.0/include"
ignoring nonexistent directory "/opt/atk-dlrv1126b-toolchain/aarch64-buildroot-linux-gnu/sysroot/usr/local/include"
ignoring duplicate directory "/opt/atk-dlrv1126b-toolchain/bin/../lib/gcc/../../lib/gcc/aarch64-buildroot-linux-gnu/13.4.0/include-fixed"
ignoring duplicate directory "/opt/atk-dlrv1126b-toolchain/bin/../lib/gcc/../../lib/gcc/aarch64-buildroot-linux-gnu/13.4.0/../../../../aarch64-buildroot-linux-gnu/include"
#include "..." search starts here:
#include <...> search starts here:
 /opt/atk-dlrv1126b-toolchain/bin/../lib/gcc/aarch64-buildroot-linux-gnu/13.4.0/../../../../aarch64-buildroot-linux-gnu/include/c++/13.4.0
 /opt/atk-dlrv1126b-toolchain/bin/../lib/gcc/aarch64-buildroot-linux-gnu/13.4.0/../../../../aarch64-buildroot-linux-gnu/include/c++/13.4.0/aarch64-buildroot-linux-gnu
 /opt/atk-dlrv1126b-toolchain/bin/../lib/gcc/aarch64-buildroot-linux-gnu/13.4.0/../../../../aarch64-buildroot-linux-gnu/include/c++/13.4.0/backward
 /opt/atk-dlrv1126b-toolchain/bin/../lib/gcc/aarch64-buildroot-linux-gnu/13.4.0/include
 /opt/atk-dlrv1126b-toolchain/bin/../lib/gcc/aarch64-buildroot-linux-gnu/13.4.0/include-fixed
 /opt/atk-dlrv1126b-toolchain/bin/../lib/gcc/aarch64-buildroot-linux-gnu/13.4.0/../../../../aarch64-buildroot-linux-gnu/include
 /opt/atk-dlrv1126b-toolchain/aarch64-buildroot-linux-gnu/sysroot/usr/include
End of search list.
Compiler executable checksum: 6955e1b4d2ee52bb96f2b4d0ab3187d5
COLLECT_GCC_OPTIONS='--sysroot=/opt/atk-dlrv1126b-toolchain/aarch64-buildroot-linux-gnu/sysroot' '-fstack-protector-strong' '-fPIE' '-pie' '-v' '-o' 'CMakeFiles/cmTC_60cf5.dir/CMakeCXXCompilerABI.cpp.o' '-c' '-shared-libgcc' '-mcpu=cortex-a53' '-mlittle-endian' '-mabi=lp64' '-dumpdir' 'CMakeFiles/cmTC_60cf5.dir/'
 /opt/atk-dlrv1126b-toolchain/bin/../lib/gcc/aarch64-buildroot-linux-gnu/13.4.0/../../../../aarch64-buildroot-linux-gnu/bin/as -v -EL -march=armv8-a+crc -mabi=lp64 -o CMakeFiles/cmTC_60cf5.dir/CMakeCXXCompilerABI.cpp.o /tmp/ccYEjYab.s
GNU assembler version 2.43.1 (aarch64-buildroot-linux-gnu) using BFD version (GNU Binutils) 2.43.1
COMPILER_PATH=/opt/atk-dlrv1126b-toolchain/bin/../libexec/gcc/aarch64-buildroot-linux-gnu/13.4.0/:/opt/atk-dlrv1126b-toolchain/bin/../libexec/gcc/:/opt/atk-dlrv1126b-toolchain/bin/../lib/gcc/aarch64-buildroot-linux-gnu/13.4.0/../../../../aarch64-buildroot-linux-gnu/bin/
LIBRARY_PATH=/opt/atk-dlrv1126b-toolchain/bin/../lib/gcc/aarch64-buildroot-linux-gnu/13.4.0/:/opt/atk-dlrv1126b-toolchain/bin/../lib/gcc/:/opt/atk-dlrv1126b-toolchain/bin/../lib/gcc/aarch64-buildroot-linux-gnu/13.4.0/../../../../aarch64-buildroot-linux-gnu/lib/../lib64/:/opt/atk-dlrv1126b-toolchain/aarch64-buildroot-linux-gnu/sysroot/lib/../lib64/:/opt/atk-dlrv1126b-toolchain/aarch64-buildroot-linux-gnu/sysroot/usr/lib/../lib64/:/opt/atk-dlrv1126b-toolchain/bin/../lib/gcc/aarch64-buildroot-linux-gnu/13.4.0/../../../../aarch64-buildroot-linux-gnu/lib/:/opt/atk-dlrv1126b-toolchain/aarch64-buildroot-linux-gnu/sysroot/lib/:/opt/atk-dlrv1126b-toolchain/aarch64-buildroot-linux-gnu/sysroot/usr/lib/
COLLECT_GCC_OPTIONS='--sysroot=/opt/atk-dlrv1126b-toolchain/aarch64-buildroot-linux-gnu/sysroot' '-fstack-protector-strong' '-fPIE' '-pie' '-v' '-o' 'CMakeFiles/cmTC_60cf5.dir/CMakeCXXCompilerABI.cpp.o' '-c' '-shared-libgcc' '-mcpu=cortex-a53' '-mlittle-endian' '-mabi=lp64' '-dumpdir' 'CMakeFiles/cmTC_60cf5.dir/CMakeCXXCompilerABI.cpp.'
Linking CXX executable cmTC_60cf5
/usr/bin/cmake -E cmake_link_script CMakeFiles/cmTC_60cf5.dir/link.txt --verbose=1
/opt/atk-dlrv1126b-toolchain/bin/aarch64-buildroot-linux-gnu-g++      -v CMakeFiles/cmTC_60cf5.dir/CMakeCXXCompilerABI.cpp.o  -o cmTC_60cf5 
Using built-in specs.
COLLECT_GCC=/opt/atk-dlrv1126b-toolchain/bin/aarch64-buildroot-linux-gnu-g++.br_real
COLLECT_LTO_WRAPPER=/opt/atk-dlrv1126b-toolchain/bin/../libexec/gcc/aarch64-buildroot-linux-gnu/13.4.0/lto-wrapper
Target: aarch64-buildroot-linux-gnu
Configured with: ./configure --prefix=/home/alientek/rk/ATK-DLRV1126B/buildroot/output/alientek_rv1126b/host --sysconfdir=/home/alientek/rk/ATK-DLRV1126B/buildroot/output/alientek_rv1126b/host/etc --enable-static --target=aarch64-buildroot-linux-gnu --with-sysroot=/home/alientek/rk/ATK-DLRV1126B/buildroot/output/alientek_rv1126b/host/aarch64-buildroot-linux-gnu/sysroot --enable-__cxa_atexit --with-gnu-ld --disable-libssp --disable-multilib --disable-decimal-float --enable-plugins --enable-lto --with-gmp=/home/alientek/rk/ATK-DLRV1126B/buildroot/output/alientek_rv1126b/host --with-mpc=/home/alientek/rk/ATK-DLRV1126B/buildroot/output/alientek_rv1126b/host --with-mpfr=/home/alientek/rk/ATK-DLRV1126B/buildroot/output/alientek_rv1126b/host --with-pkgversion='Buildroot -g27143f26' --with-bugurl=https://gitlab.com/buildroot.org/buildroot/-/issues --without-zstd --disable-libquadmath --disable-libquadmath-support --enable-tls --enable-threads --without-isl --without-cloog --with-abi=lp64 --with-cpu=cortex-a53 --enable-languages=c,c++ --with-build-time-tools=/home/alientek/rk/ATK-DLRV1126B/buildroot/output/alientek_rv1126b/host/aarch64-buildroot-linux-gnu/bin --enable-shared --enable-libgomp
Thread model: posix
Supported LTO compression algorithms: zlib
gcc version 13.4.0 (Buildroot -g27143f26) 
COMPILER_PATH=/opt/atk-dlrv1126b-toolchain/bin/../libexec/gcc/aarch64-buildroot-linux-gnu/13.4.0/:/opt/atk-dlrv1126b-toolchain/bin/../libexec/gcc/:/opt/atk-dlrv1126b-toolchain/bin/../lib/gcc/aarch64-buildroot-linux-gnu/13.4.0/../../../../aarch64-buildroot-linux-gnu/bin/
LIBRARY_PATH=/opt/atk-dlrv1126b-toolchain/bin/../lib/gcc/aarch64-buildroot-linux-gnu/13.4.0/:/opt/atk-dlrv1126b-toolchain/bin/../lib/gcc/:/opt/atk-dlrv1126b-toolchain/bin/../lib/gcc/aarch64-buildroot-linux-gnu/13.4.0/../../../../aarch64-buildroot-linux-gnu/lib/../lib64/:/opt/atk-dlrv1126b-toolchain/aarch64-buildroot-linux-gnu/sysroot/lib/../lib64/:/opt/atk-dlrv1126b-toolchain/aarch64-buildroot-linux-gnu/sysroot/usr/lib/../lib64/:/opt/atk-dlrv1126b-toolchain/bin/../lib/gcc/aarch64-buildroot-linux-gnu/13.4.0/../../../../aarch64-buildroot-linux-gnu/lib/:/opt/atk-dlrv1126b-toolchain/aarch64-buildroot-linux-gnu/sysroot/lib/:/opt/atk-dlrv1126b-toolchain/aarch64-buildroot-linux-gnu/sysroot/usr/lib/
COLLECT_GCC_OPTIONS='--sysroot=/opt/atk-dlrv1126b-toolchain/aarch64-buildroot-linux-gnu/sysroot' '-fstack-protector-strong' '-fPIE' '-pie' '-v' '-o' 'cmTC_60cf5' '-shared-libgcc' '-mcpu=cortex-a53' '-mlittle-endian' '-mabi=lp64' '-dumpdir' 'cmTC_60cf5.'
 /opt/atk-dlrv1126b-toolchain/bin/../libexec/gcc/aarch64-buildroot-linux-gnu/13.4.0/collect2 -plugin /opt/atk-dlrv1126b-toolchain/bin/../libexec/gcc/aarch64-buildroot-linux-gnu/13.4.0/liblto_plugin.so -plugin-opt=/opt/atk-dlrv1126b-toolchain/bin/../libexec/gcc/aarch64-buildroot-linux-gnu/13.4.0/lto-wrapper -plugin-opt=-fresolution=/tmp/cc52uyzG.res -plugin-opt=-pass-through=-lgcc_s -plugin-opt=-pass-through=-lgcc -plugin-opt=-pass-through=-lc -plugin-opt=-pass-through=-lgcc_s -plugin-opt=-pass-through=-lgcc --sysroot=/opt/atk-dlrv1126b-toolchain/aarch64-buildroot-linux-gnu/sysroot --eh-frame-hdr -dynamic-linker /lib/ld-linux-aarch64.so.1 -X -EL -maarch64linux -pie -o cmTC_60cf5 /opt/atk-dlrv1126b-toolchain/aarch64-buildroot-linux-gnu/sysroot/lib/../lib64/Scrt1.o /opt/atk-dlrv1126b-toolchain/aarch64-buildroot-linux-gnu/sysroot/lib/../lib64/crti.o /opt/atk-dlrv1126b-toolchain/bin/../lib/gcc/aarch64-buildroot-linux-gnu/13.4.0/crtbeginS.o -L/opt/atk-dlrv1126b-toolchain/bin/../lib/gcc/aarch64-buildroot-linux-gnu/13.4.0 -L/opt/atk-dlrv1126b-toolchain/bin/../lib/gcc -L/opt/atk-dlrv1126b-toolchain/bin/../lib/gcc/aarch64-buildroot-linux-gnu/13.4.0/../../../../aarch64-buildroot-linux-gnu/lib/../lib64 -L/opt/atk-dlrv1126b-toolchain/aarch64-buildroot-linux-gnu/sysroot/lib/../lib64 -L/opt/atk-dlrv1126b-toolchain/aarch64-buildroot-linux-gnu/sysroot/usr/lib/../lib64 -L/opt/atk-dlrv1126b-toolchain/bin/../lib/gcc/aarch64-buildroot-linux-gnu/13.4.0/../../../../aarch64-buildroot-linux-gnu/lib -L/opt/atk-dlrv1126b-toolchain/aarch64-buildroot-linux-gnu/sysroot/lib -L/opt/atk-dlrv1126b-toolchain/aarch64-buildroot-linux-gnu/sysroot/usr/lib -z max-page-size=4096 -z common-page-size=4096 -z now -z relro CMakeFiles/cmTC_60cf5.dir/CMakeCXXCompilerABI.cpp.o -lstdc++ -lm -lgcc_s -lgcc -lc -lgcc_s -lgcc /opt/atk-dlrv1126b-toolchain/bin/../lib/gcc/aarch64-buildroot-linux-gnu/13.4.0/crtendS.o /opt/atk-dlrv1126b-toolchain/aarch64-buildroot-linux-gnu/sysroot/lib/../lib64/crtn.o
COLLECT_GCC_OPTIONS='--sysroot=/opt/atk-dlrv1126b-toolchain/aarch64-buildroot-linux-gnu/sysroot' '-fstack-protector-strong' '-fPIE' '-pie' '-v' '-o' 'cmTC_60cf5' '-shared-libgcc' '-mcpu=cortex-a53' '-mlittle-endian' '-mabi=lp64' '-dumpdir' 'cmTC_60cf5.'
make[1]: Leaving directory '/home/alientek/linux/video-yolo26/cpp/build/build_atk_rknn_yolo26_cam_rv1126b_linux_aarch64_Release/CMakeFiles/CMakeTmp'



Parsed CXX implicit include dir info from above output: rv=done
  found start of include info
  found start of implicit include info
    add: [/opt/atk-dlrv1126b-toolchain/bin/../lib/gcc/aarch64-buildroot-linux-gnu/13.4.0/../../../../aarch64-buildroot-linux-gnu/include/c++/13.4.0]
    add: [/opt/atk-dlrv1126b-toolchain/bin/../lib/gcc/aarch64-buildroot-linux-gnu/13.4.0/../../../../aarch64-buildroot-linux-gnu/include/c++/13.4.0/aarch64-buildroot-linux-gnu]
    add: [/opt/atk-dlrv1126b-toolchain/bin/../lib/gcc/aarch64-buildroot-linux-gnu/13.4.0/../../../../aarch64-buildroot-linux-gnu/include/c++/13.4.0/backward]
    add: [/opt/atk-dlrv1126b-toolchain/bin/../lib/gcc/aarch64-buildroot-linux-gnu/13.4.0/include]
    add: [/opt/atk-dlrv1126b-toolchain/bin/../lib/gcc/aarch64-buildroot-linux-gnu/13.4.0/include-fixed]
    add: [/opt/atk-dlrv1126b-toolchain/bin/../lib/gcc/aarch64-buildroot-linux-gnu/13.4.0/../../../../aarch64-buildroot-linux-gnu/include]
    add: [/opt/atk-dlrv1126b-toolchain/aarch64-buildroot-linux-gnu/sysroot/usr/include]
  end of search list found
  collapse include dir [/opt/atk-dlrv1126b-toolchain/bin/../lib/gcc/aarch64-buildroot-linux-gnu/13.4.0/../../../../aarch64-buildroot-linux-gnu/include/c++/13.4.0] ==> [/opt/atk-dlrv1126b-toolchain/aarch64-buildroot-linux-gnu/include/c++/13.4.0]
  collapse include dir [/opt/atk-dlrv1126b-toolchain/bin/../lib/gcc/aarch64-buildroot-linux-gnu/13.4.0/../../../../aarch64-buildroot-linux-gnu/include/c++/13.4.0/aarch64-buildroot-linux-gnu] ==> [/opt/atk-dlrv1126b-toolchain/aarch64-buildroot-linux-gnu/include/c++/13.4.0/aarch64-buildroot-linux-gnu]
  collapse include dir [/opt/atk-dlrv1126b-toolchain/bin/../lib/gcc/aarch64-buildroot-linux-gnu/13.4.0/../../../../aarch64-buildroot-linux-gnu/include/c++/13.4.0/backward] ==> [/opt/atk-dlrv1126b-toolchain/aarch64-buildroot-linux-gnu/include/c++/13.4.0/backward]
  collapse include dir [/opt/atk-dlrv1126b-toolchain/bin/../lib/gcc/aarch64-buildroot-linux-gnu/13.4.0/include] ==> [/opt/atk-dlrv1126b-toolchain/lib/gcc/aarch64-buildroot-linux-gnu/13.4.0/include]
  collapse include dir [/opt/atk-dlrv1126b-toolchain/bin/../lib/gcc/aarch64-buildroot-linux-gnu/13.4.0/include-fixed] ==> [/opt/atk-dlrv1126b-toolchain/lib/gcc/aarch64-buildroot-linux-gnu/13.4.0/include-fixed]
  collapse include dir [/opt/atk-dlrv1126b-toolchain/bin/../lib/gcc/aarch64-buildroot-linux-gnu/13.4.0/../../../../aarch64-buildroot-linux-gnu/include] ==> [/opt/atk-dlrv1126b-toolchain/aarch64-buildroot-linux-gnu/include]
  collapse include dir [/opt/atk-dlrv1126b-toolchain/aarch64-buildroot-linux-gnu/sysroot/usr/include] ==> [/opt/atk-dlrv1126b-toolchain/aarch64-buildroot-linux-gnu/sysroot/usr/include]
  implicit include dirs: [/opt/atk-dlrv1126b-toolchain/aarch64-buildroot-linux-gnu/include/c++/13.4.0;/opt/atk-dlrv1126b-toolchain/aarch64-buildroot-linux-gnu/include/c++/13.4.0/aarch64-buildroot-linux-gnu;/opt/atk-dlrv1126b-toolchain/aarch64-buildroot-linux-gnu/include/c++/13.4.0/backward;/opt/atk-dlrv1126b-toolchain/lib/gcc/aarch64-buildroot-linux-gnu/13.4.0/include;/opt/atk-dlrv1126b-toolchain/lib/gcc/aarch64-buildroot-linux-gnu/13.4.0/include-fixed;/opt/atk-dlrv1126b-toolchain/aarch64-buildroot-linux-gnu/include;/opt/atk-dlrv1126b-toolchain/aarch64-buildroot-linux-gnu/sysroot/usr/include]


Parsed CXX implicit link information from above output:
  link line regex: [^( *|.*[/\])(aarch64-buildroot-linux-gnu-ld|CMAKE_LINK_STARTFILE-NOTFOUND|([^/\]+-)?ld|collect2)[^/\]*( |$)]
  ignore line: [Change Dir: /home/alientek/linux/video-yolo26/cpp/build/build_atk_rknn_yolo26_cam_rv1126b_linux_aarch64_Release/CMakeFiles/CMakeTmp]
  ignore line: []
  ignore line: [Run Build Command(s):/usr/bin/make cmTC_60cf5/fast && /usr/bin/make -f CMakeFiles/cmTC_60cf5.dir/build.make CMakeFiles/cmTC_60cf5.dir/build]
  ignore line: [make[1]: Entering directory '/home/alientek/linux/video-yolo26/cpp/build/build_atk_rknn_yolo26_cam_rv1126b_linux_aarch64_Release/CMakeFiles/CMakeTmp']
  ignore line: [Building CXX object CMakeFiles/cmTC_60cf5.dir/CMakeCXXCompilerABI.cpp.o]
  ignore line: [/opt/atk-dlrv1126b-toolchain/bin/aarch64-buildroot-linux-gnu-g++    -v -o CMakeFiles/cmTC_60cf5.dir/CMakeCXXCompilerABI.cpp.o -c /usr/share/cmake-3.16/Modules/CMakeCXXCompilerABI.cpp]
  ignore line: [Using built-in specs.]
  ignore line: [COLLECT_GCC=/opt/atk-dlrv1126b-toolchain/bin/aarch64-buildroot-linux-gnu-g++.br_real]
  ignore line: [Target: aarch64-buildroot-linux-gnu]
  ignore line: [Configured with: ./configure --prefix=/home/alientek/rk/ATK-DLRV1126B/buildroot/output/alientek_rv1126b/host --sysconfdir=/home/alientek/rk/ATK-DLRV1126B/buildroot/output/alientek_rv1126b/host/etc --enable-static --target=aarch64-buildroot-linux-gnu --with-sysroot=/home/alientek/rk/ATK-DLRV1126B/buildroot/output/alientek_rv1126b/host/aarch64-buildroot-linux-gnu/sysroot --enable-__cxa_atexit --with-gnu-ld --disable-libssp --disable-multilib --disable-decimal-float --enable-plugins --enable-lto --with-gmp=/home/alientek/rk/ATK-DLRV1126B/buildroot/output/alientek_rv1126b/host --with-mpc=/home/alientek/rk/ATK-DLRV1126B/buildroot/output/alientek_rv1126b/host --with-mpfr=/home/alientek/rk/ATK-DLRV1126B/buildroot/output/alientek_rv1126b/host --with-pkgversion='Buildroot -g27143f26' --with-bugurl=https://gitlab.com/buildroot.org/buildroot/-/issues --without-zstd --disable-libquadmath --disable-libquadmath-support --enable-tls --enable-threads --without-isl --without-cloog --with-abi=lp64 --with-cpu=cortex-a53 --enable-languages=c,c++ --with-build-time-tools=/home/alientek/rk/ATK-DLRV1126B/buildroot/output/alientek_rv1126b/host/aarch64-buildroot-linux-gnu/bin --enable-shared --enable-libgomp]
  ignore line: [Thread model: posix]
  ignore line: [Supported LTO compression algorithms: zlib]
  ignore line: [gcc version 13.4.0 (Buildroot -g27143f26) ]
  ignore line: [COLLECT_GCC_OPTIONS='--sysroot=/opt/atk-dlrv1126b-toolchain/aarch64-buildroot-linux-gnu/sysroot' '-fstack-protector-strong' '-fPIE' '-pie' '-v' '-o' 'CMakeFiles/cmTC_60cf5.dir/CMakeCXXCompilerABI.cpp.o' '-c' '-shared-libgcc' '-mcpu=cortex-a53' '-mlittle-endian' '-mabi=lp64' '-dumpdir' 'CMakeFiles/cmTC_60cf5.dir/']
  ignore line: [ /opt/atk-dlrv1126b-toolchain/bin/../libexec/gcc/aarch64-buildroot-linux-gnu/13.4.0/cc1plus -quiet -v -iprefix /opt/atk-dlrv1126b-toolchain/bin/../lib/gcc/aarch64-buildroot-linux-gnu/13.4.0/ -isysroot /opt/atk-dlrv1126b-toolchain/aarch64-buildroot-linux-gnu/sysroot -D_GNU_SOURCE /usr/share/cmake-3.16/Modules/CMakeCXXCompilerABI.cpp -quiet -dumpdir CMakeFiles/cmTC_60cf5.dir/ -dumpbase CMakeCXXCompilerABI.cpp.cpp -dumpbase-ext .cpp -mcpu=cortex-a53 -mlittle-endian -mabi=lp64 -version -fstack-protector-strong -fPIE -o /tmp/ccYEjYab.s]
  ignore line: [GNU C++17 (Buildroot -g27143f26) version 13.4.0 (aarch64-buildroot-linux-gnu)]
  ignore line: [	compiled by GNU C version 9.4.0  GMP version 6.3.0  MPFR version 4.1.1  MPC version 1.2.1  isl version none]
  ignore line: [GGC heuristics: --param ggc-min-expand=100 --param ggc-min-heapsize=131072]
  ignore line: [ignoring duplicate directory "/opt/atk-dlrv1126b-toolchain/bin/../lib/gcc/../../lib/gcc/aarch64-buildroot-linux-gnu/13.4.0/../../../../aarch64-buildroot-linux-gnu/include/c++/13.4.0"]
  ignore line: [ignoring duplicate directory "/opt/atk-dlrv1126b-toolchain/bin/../lib/gcc/../../lib/gcc/aarch64-buildroot-linux-gnu/13.4.0/../../../../aarch64-buildroot-linux-gnu/include/c++/13.4.0/aarch64-buildroot-linux-gnu"]
  ignore line: [ignoring duplicate directory "/opt/atk-dlrv1126b-toolchain/bin/../lib/gcc/../../lib/gcc/aarch64-buildroot-linux-gnu/13.4.0/../../../../aarch64-buildroot-linux-gnu/include/c++/13.4.0/backward"]
  ignore line: [ignoring duplicate directory "/opt/atk-dlrv1126b-toolchain/bin/../lib/gcc/../../lib/gcc/aarch64-buildroot-linux-gnu/13.4.0/include"]
  ignore line: [ignoring nonexistent directory "/opt/atk-dlrv1126b-toolchain/aarch64-buildroot-linux-gnu/sysroot/usr/local/include"]
  ignore line: [ignoring duplicate directory "/opt/atk-dlrv1126b-toolchain/bin/../lib/gcc/../../lib/gcc/aarch64-buildroot-linux-gnu/13.4.0/include-fixed"]
  ignore line: [ignoring duplicate directory "/opt/atk-dlrv1126b-toolchain/bin/../lib/gcc/../../lib/gcc/aarch64-buildroot-linux-gnu/13.4.0/../../../../aarch64-buildroot-linux-gnu/include"]
  ignore line: [#include "..." search starts here:]
  ignore line: [#include <...> search starts here:]
  ignore line: [ /opt/atk-dlrv1126b-toolchain/bin/../lib/gcc/aarch64-buildroot-linux-gnu/13.4.0/../../../../aarch64-buildroot-linux-gnu/include/c++/13.4.0]
  ignore line: [ /opt/atk-dlrv1126b-toolchain/bin/../lib/gcc/aarch64-buildroot-linux-gnu/13.4.0/../../../../aarch64-buildroot-linux-gnu/include/c++/13.4.0/aarch64-buildroot-linux-gnu]
  ignore line: [ /opt/atk-dlrv1126b-toolchain/bin/../lib/gcc/aarch64-buildroot-linux-gnu/13.4.0/../../../../aarch64-buildroot-linux-gnu/include/c++/13.4.0/backward]
  ignore line: [ /opt/atk-dlrv1126b-toolchain/bin/../lib/gcc/aarch64-buildroot-linux-gnu/13.4.0/include]
  ignore line: [ /opt/atk-dlrv1126b-toolchain/bin/../lib/gcc/aarch64-buildroot-linux-gnu/13.4.0/include-fixed]
  ignore line: [ /opt/atk-dlrv1126b-toolchain/bin/../lib/gcc/aarch64-buildroot-linux-gnu/13.4.0/../../../../aarch64-buildroot-linux-gnu/include]
  ignore line: [ /opt/atk-dlrv1126b-toolchain/aarch64-buildroot-linux-gnu/sysroot/usr/include]
  ignore line: [End of search list.]
  ignore line: [Compiler executable checksum: 6955e1b4d2ee52bb96f2b4d0ab3187d5]
  ignore line: [COLLECT_GCC_OPTIONS='--sysroot=/opt/atk-dlrv1126b-toolchain/aarch64-buildroot-linux-gnu/sysroot' '-fstack-protector-strong' '-fPIE' '-pie' '-v' '-o' 'CMakeFiles/cmTC_60cf5.dir/CMakeCXXCompilerABI.cpp.o' '-c' '-shared-libgcc' '-mcpu=cortex-a53' '-mlittle-endian' '-mabi=lp64' '-dumpdir' 'CMakeFiles/cmTC_60cf5.dir/']
  ignore line: [ /opt/atk-dlrv1126b-toolchain/bin/../lib/gcc/aarch64-buildroot-linux-gnu/13.4.0/../../../../aarch64-buildroot-linux-gnu/bin/as -v -EL -march=armv8-a+crc -mabi=lp64 -o CMakeFiles/cmTC_60cf5.dir/CMakeCXXCompilerABI.cpp.o /tmp/ccYEjYab.s]
  ignore line: [GNU assembler version 2.43.1 (aarch64-buildroot-linux-gnu) using BFD version (GNU Binutils) 2.43.1]
  ignore line: [COMPILER_PATH=/opt/atk-dlrv1126b-toolchain/bin/../libexec/gcc/aarch64-buildroot-linux-gnu/13.4.0/:/opt/atk-dlrv1126b-toolchain/bin/../libexec/gcc/:/opt/atk-dlrv1126b-toolchain/bin/../lib/gcc/aarch64-buildroot-linux-gnu/13.4.0/../../../../aarch64-buildroot-linux-gnu/bin/]
  ignore line: [LIBRARY_PATH=/opt/atk-dlrv1126b-toolchain/bin/../lib/gcc/aarch64-buildroot-linux-gnu/13.4.0/:/opt/atk-dlrv1126b-toolchain/bin/../lib/gcc/:/opt/atk-dlrv1126b-toolchain/bin/../lib/gcc/aarch64-buildroot-linux-gnu/13.4.0/../../../../aarch64-buildroot-linux-gnu/lib/../lib64/:/opt/atk-dlrv1126b-toolchain/aarch64-buildroot-linux-gnu/sysroot/lib/../lib64/:/opt/atk-dlrv1126b-toolchain/aarch64-buildroot-linux-gnu/sysroot/usr/lib/../lib64/:/opt/atk-dlrv1126b-toolchain/bin/../lib/gcc/aarch64-buildroot-linux-gnu/13.4.0/../../../../aarch64-buildroot-linux-gnu/lib/:/opt/atk-dlrv1126b-toolchain/aarch64-buildroot-linux-gnu/sysroot/lib/:/opt/atk-dlrv1126b-toolchain/aarch64-buildroot-linux-gnu/sysroot/usr/lib/]
  ignore line: [COLLECT_GCC_OPTIONS='--sysroot=/opt/atk-dlrv1126b-toolchain/aarch64-buildroot-linux-gnu/sysroot' '-fstack-protector-strong' '-fPIE' '-pie' '-v' '-o' 'CMakeFiles/cmTC_60cf5.dir/CMakeCXXCompilerABI.cpp.o' '-c' '-shared-libgcc' '-mcpu=cortex-a53' '-mlittle-endian' '-mabi=lp64' '-dumpdir' 'CMakeFiles/cmTC_60cf5.dir/CMakeCXXCompilerABI.cpp.']
  ignore line: [Linking CXX executable cmTC_60cf5]
  ignore line: [/usr/bin/cmake -E cmake_link_script CMakeFiles/cmTC_60cf5.dir/link.txt --verbose=1]
  ignore line: [/opt/atk-dlrv1126b-toolchain/bin/aarch64-buildroot-linux-gnu-g++      -v CMakeFiles/cmTC_60cf5.dir/CMakeCXXCompilerABI.cpp.o  -o cmTC_60cf5 ]
  ignore line: [Using built-in specs.]
  ignore line: [COLLECT_GCC=/opt/atk-dlrv1126b-toolchain/bin/aarch64-buildroot-linux-gnu-g++.br_real]
  ignore line: [COLLECT_LTO_WRAPPER=/opt/atk-dlrv1126b-toolchain/bin/../libexec/gcc/aarch64-buildroot-linux-gnu/13.4.0/lto-wrapper]
  ignore line: [Target: aarch64-buildroot-linux-gnu]
  ignore line: [Configured with: ./configure --prefix=/home/alientek/rk/ATK-DLRV1126B/buildroot/output/alientek_rv1126b/host --sysconfdir=/home/alientek/rk/ATK-DLRV1126B/buildroot/output/alientek_rv1126b/host/etc --enable-static --target=aarch64-buildroot-linux-gnu --with-sysroot=/home/alientek/rk/ATK-DLRV1126B/buildroot/output/alientek_rv1126b/host/aarch64-buildroot-linux-gnu/sysroot --enable-__cxa_atexit --with-gnu-ld --disable-libssp --disable-multilib --disable-decimal-float --enable-plugins --enable-lto --with-gmp=/home/alientek/rk/ATK-DLRV1126B/buildroot/output/alientek_rv1126b/host --with-mpc=/home/alientek/rk/ATK-DLRV1126B/buildroot/output/alientek_rv1126b/host --with-mpfr=/home/alientek/rk/ATK-DLRV1126B/buildroot/output/alientek_rv1126b/host --with-pkgversion='Buildroot -g27143f26' --with-bugurl=https://gitlab.com/buildroot.org/buildroot/-/issues --without-zstd --disable-libquadmath --disable-libquadmath-support --enable-tls --enable-threads --without-isl --without-cloog --with-abi=lp64 --with-cpu=cortex-a53 --enable-languages=c,c++ --with-build-time-tools=/home/alientek/rk/ATK-DLRV1126B/buildroot/output/alientek_rv1126b/host/aarch64-buildroot-linux-gnu/bin --enable-shared --enable-libgomp]
  ignore line: [Thread model: posix]
  ignore line: [Supported LTO compression algorithms: zlib]
  ignore line: [gcc version 13.4.0 (Buildroot -g27143f26) ]
  ignore line: [COMPILER_PATH=/opt/atk-dlrv1126b-toolchain/bin/../libexec/gcc/aarch64-buildroot-linux-gnu/13.4.0/:/opt/atk-dlrv1126b-toolchain/bin/../libexec/gcc/:/opt/atk-dlrv1126b-toolchain/bin/../lib/gcc/aarch64-buildroot-linux-gnu/13.4.0/../../../../aarch64-buildroot-linux-gnu/bin/]
  ignore line: [LIBRARY_PATH=/opt/atk-dlrv1126b-toolchain/bin/../lib/gcc/aarch64-buildroot-linux-gnu/13.4.0/:/opt/atk-dlrv1126b-toolchain/bin/../lib/gcc/:/opt/atk-dlrv1126b-toolchain/bin/../lib/gcc/aarch64-buildroot-linux-gnu/13.4.0/../../../../aarch64-buildroot-linux-gnu/lib/../lib64/:/opt/atk-dlrv1126b-toolchain/aarch64-buildroot-linux-gnu/sysroot/lib/../lib64/:/opt/atk-dlrv1126b-toolchain/aarch64-buildroot-linux-gnu/sysroot/usr/lib/../lib64/:/opt/atk-dlrv1126b-toolchain/bin/../lib/gcc/aarch64-buildroot-linux-gnu/13.4.0/../../../../aarch64-buildroot-linux-gnu/lib/:/opt/atk-dlrv1126b-toolchain/aarch64-buildroot-linux-gnu/sysroot/lib/:/opt/atk-dlrv1126b-toolchain/aarch64-buildroot-linux-gnu/sysroot/usr/lib/]
  ignore line: [COLLECT_GCC_OPTIONS='--sysroot=/opt/atk-dlrv1126b-toolchain/aarch64-buildroot-linux-gnu/sysroot' '-fstack-protector-strong' '-fPIE' '-pie' '-v' '-o' 'cmTC_60cf5' '-shared-libgcc' '-mcpu=cortex-a53' '-mlittle-endian' '-mabi=lp64' '-dumpdir' 'cmTC_60cf5.']
  link line: [ /opt/atk-dlrv1126b-toolchain/bin/../libexec/gcc/aarch64-buildroot-linux-gnu/13.4.0/collect2 -plugin /opt/atk-dlrv1126b-toolchain/bin/../libexec/gcc/aarch64-buildroot-linux-gnu/13.4.0/liblto_plugin.so -plugin-opt=/opt/atk-dlrv1126b-toolchain/bin/../libexec/gcc/aarch64-buildroot-linux-gnu/13.4.0/lto-wrapper -plugin-opt=-fresolution=/tmp/cc52uyzG.res -plugin-opt=-pass-through=-lgcc_s -plugin-opt=-pass-through=-lgcc -plugin-opt=-pass-through=-lc -plugin-opt=-pass-through=-lgcc_s -plugin-opt=-pass-through=-lgcc --sysroot=/opt/atk-dlrv1126b-toolchain/aarch64-buildroot-linux-gnu/sysroot --eh-frame-hdr -dynamic-linker /lib/ld-linux-aarch64.so.1 -X -EL -maarch64linux -pie -o cmTC_60cf5 /opt/atk-dlrv1126b-toolchain/aarch64-buildroot-linux-gnu/sysroot/lib/../lib64/Scrt1.o /opt/atk-dlrv1126b-toolchain/aarch64-buildroot-linux-gnu/sysroot/lib/../lib64/crti.o /opt/atk-dlrv1126b-toolchain/bin/../lib/gcc/aarch64-buildroot-linux-gnu/13.4.0/crtbeginS.o -L/opt/atk-dlrv1126b-toolchain/bin/../lib/gcc/aarch64-buildroot-linux-gnu/13.4.0 -L/opt/atk-dlrv1126b-toolchain/bin/../lib/gcc -L/opt/atk-dlrv1126b-toolchain/bin/../lib/gcc/aarch64-buildroot-linux-gnu/13.4.0/../../../../aarch64-buildroot-linux-gnu/lib/../lib64 -L/opt/atk-dlrv1126b-toolchain/aarch64-buildroot-linux-gnu/sysroot/lib/../lib64 -L/opt/atk-dlrv1126b-toolchain/aarch64-buildroot-linux-gnu/sysroot/usr/lib/../lib64 -L/opt/atk-dlrv1126b-toolchain/bin/../lib/gcc/aarch64-buildroot-linux-gnu/13.4.0/../../../../aarch64-buildroot-linux-gnu/lib -L/opt/atk-dlrv1126b-toolchain/aarch64-buildroot-linux-gnu/sysroot/lib -L/opt/atk-dlrv1126b-toolchain/aarch64-buildroot-linux-gnu/sysroot/usr/lib -z max-page-size=4096 -z common-page-size=4096 -z now -z relro CMakeFiles/cmTC_60cf5.dir/CMakeCXXCompilerABI.cpp.o -lstdc++ -lm -lgcc_s -lgcc -lc -lgcc_s -lgcc /opt/atk-dlrv1126b-toolchain/bin/../lib/gcc/aarch64-buildroot-linux-gnu/13.4.0/crtendS.o /opt/atk-dlrv1126b-toolchain/aarch64-buildroot-linux-gnu/sysroot/lib/../lib64/crtn.o]
    arg [/opt/atk-dlrv1126b-toolchain/bin/../libexec/gcc/aarch64-buildroot-linux-gnu/13.4.0/collect2] ==> ignore
    arg [-plugin] ==> ignore
    arg [/opt/atk-dlrv1126b-toolchain/bin/../libexec/gcc/aarch64-buildroot-linux-gnu/13.4.0/liblto_plugin.so] ==> ignore
    arg [-plugin-opt=/opt/atk-dlrv1126b-toolchain/bin/../libexec/gcc/aarch64-buildroot-linux-gnu/13.4.0/lto-wrapper] ==> ignore
    arg [-plugin-opt=-fresolution=/tmp/cc52uyzG.res] ==> ignore
    arg [-plugin-opt=-pass-through=-lgcc_s] ==> ignore
    arg [-plugin-opt=-pass-through=-lgcc] ==> ignore
    arg [-plugin-opt=-pass-through=-lc] ==> ignore
    arg [-plugin-opt=-pass-through=-lgcc_s] ==> ignore
    arg [-plugin-opt=-pass-through=-lgcc] ==> ignore
    arg [--sysroot=/opt/atk-dlrv1126b-toolchain/aarch64-buildroot-linux-gnu/sysroot] ==> ignore
    arg [--eh-frame-hdr] ==> ignore
    arg [-dynamic-linker] ==> ignore
    arg [/lib/ld-linux-aarch64.so.1] ==> ignore
    arg [-X] ==> ignore
    arg [-EL] ==> ignore
    arg [-maarch64linux] ==> ignore
    arg [-pie] ==> ignore
    arg [-o] ==> ignore
    arg [cmTC_60cf5] ==> ignore
    arg [/opt/atk-dlrv1126b-toolchain/aarch64-buildroot-linux-gnu/sysroot/lib/../lib64/Scrt1.o] ==> ignore
    arg [/opt/atk-dlrv1126b-toolchain/aarch64-buildroot-linux-gnu/sysroot/lib/../lib64/crti.o] ==> ignore
    arg [/opt/atk-dlrv1126b-toolchain/bin/../lib/gcc/aarch64-buildroot-linux-gnu/13.4.0/crtbeginS.o] ==> ignore
    arg [-L/opt/atk-dlrv1126b-toolchain/bin/../lib/gcc/aarch64-buildroot-linux-gnu/13.4.0] ==> dir [/opt/atk-dlrv1126b-toolchain/bin/../lib/gcc/aarch64-buildroot-linux-gnu/13.4.0]
    arg [-L/opt/atk-dlrv1126b-toolchain/bin/../lib/gcc] ==> dir [/opt/atk-dlrv1126b-toolchain/bin/../lib/gcc]
    arg [-L/opt/atk-dlrv1126b-toolchain/bin/../lib/gcc/aarch64-buildroot-linux-gnu/13.4.0/../../../../aarch64-buildroot-linux-gnu/lib/../lib64] ==> dir [/opt/atk-dlrv1126b-toolchain/bin/../lib/gcc/aarch64-buildroot-linux-gnu/13.4.0/../../../../aarch64-buildroot-linux-gnu/lib/../lib64]
    arg [-L/opt/atk-dlrv1126b-toolchain/aarch64-buildroot-linux-gnu/sysroot/lib/../lib64] ==> dir [/opt/atk-dlrv1126b-toolchain/aarch64-buildroot-linux-gnu/sysroot/lib/../lib64]
    arg [-L/opt/atk-dlrv1126b-toolchain/aarch64-buildroot-linux-gnu/sysroot/usr/lib/../lib64] ==> dir [/opt/atk-dlrv1126b-toolchain/aarch64-buildroot-linux-gnu/sysroot/usr/lib/../lib64]
    arg [-L/opt/atk-dlrv1126b-toolchain/bin/../lib/gcc/aarch64-buildroot-linux-gnu/13.4.0/../../../../aarch64-buildroot-linux-gnu/lib] ==> dir [/opt/atk-dlrv1126b-toolchain/bin/../lib/gcc/aarch64-buildroot-linux-gnu/13.4.0/../../../../aarch64-buildroot-linux-gnu/lib]
    arg [-L/opt/atk-dlrv1126b-toolchain/aarch64-buildroot-linux-gnu/sysroot/lib] ==> dir [/opt/atk-dlrv1126b-toolchain/aarch64-buildroot-linux-gnu/sysroot/lib]
    arg [-L/opt/atk-dlrv1126b-toolchain/aarch64-buildroot-linux-gnu/sysroot/usr/lib] ==> dir [/opt/atk-dlrv1126b-toolchain/aarch64-buildroot-linux-gnu/sysroot/usr/lib]
    arg [-zmax-page-size=4096] ==> ignore
    arg [-zcommon-page-size=4096] ==> ignore
    arg [-znow] ==> ignore
    arg [-zrelro] ==> ignore
    arg [CMakeFiles/cmTC_60cf5.dir/CMakeCXXCompilerABI.cpp.o] ==> ignore
    arg [-lstdc++] ==> lib [stdc++]
    arg [-lm] ==> lib [m]
    arg [-lgcc_s] ==> lib [gcc_s]
    arg [-lgcc] ==> lib [gcc]
    arg [-lc] ==> lib [c]
    arg [-lgcc_s] ==> lib [gcc_s]
    arg [-lgcc] ==> lib [gcc]
    arg [/opt/atk-dlrv1126b-toolchain/bin/../lib/gcc/aarch64-buildroot-linux-gnu/13.4.0/crtendS.o] ==> ignore
    arg [/opt/atk-dlrv1126b-toolchain/aarch64-buildroot-linux-gnu/sysroot/lib/../lib64/crtn.o] ==> ignore
  collapse library dir [/opt/atk-dlrv1126b-toolchain/bin/../lib/gcc/aarch64-buildroot-linux-gnu/13.4.0] ==> [/opt/atk-dlrv1126b-toolchain/lib/gcc/aarch64-buildroot-linux-gnu/13.4.0]
  collapse library dir [/opt/atk-dlrv1126b-toolchain/bin/../lib/gcc] ==> [/opt/atk-dlrv1126b-toolchain/lib/gcc]
  collapse library dir [/opt/atk-dlrv1126b-toolchain/bin/../lib/gcc/aarch64-buildroot-linux-gnu/13.4.0/../../../../aarch64-buildroot-linux-gnu/lib/../lib64] ==> [/opt/atk-dlrv1126b-toolchain/aarch64-buildroot-linux-gnu/lib64]
  collapse library dir [/opt/atk-dlrv1126b-toolchain/aarch64-buildroot-linux-gnu/sysroot/lib/../lib64] ==> [/opt/atk-dlrv1126b-toolchain/aarch64-buildroot-linux-gnu/sysroot/lib64]
  collapse library dir [/opt/atk-dlrv1126b-toolchain/aarch64-buildroot-linux-gnu/sysroot/usr/lib/../lib64] ==> [/opt/atk-dlrv1126b-toolchain/aarch64-buildroot-linux-gnu/sysroot/usr/lib64]
  collapse library dir [/opt/atk-dlrv1126b-toolchain/bin/../lib/gcc/aarch64-buildroot-linux-gnu/13.4.0/../../../../aarch64-buildroot-linux-gnu/lib] ==> [/opt/atk-dlrv1126b-toolchain/aarch64-buildroot-linux-gnu/lib]
  collapse library dir [/opt/atk-dlrv1126b-toolchain/aarch64-buildroot-linux-gnu/sysroot/lib] ==> [/opt/atk-dlrv1126b-toolchain/aarch64-buildroot-linux-gnu/sysroot/lib]
  collapse library dir [/opt/atk-dlrv1126b-toolchain/aarch64-buildroot-linux-gnu/sysroot/usr/lib] ==> [/opt/atk-dlrv1126b-toolchain/aarch64-buildroot-linux-gnu/sysroot/usr/lib]
  implicit libs: [stdc++;m;gcc_s;gcc;c;gcc_s;gcc]
  implicit dirs: [/opt/atk-dlrv1126b-toolchain/lib/gcc/aarch64-buildroot-linux-gnu/13.4.0;/opt/atk-dlrv1126b-toolchain/lib/gcc;/opt/atk-dlrv1126b-toolchain/aarch64-buildroot-linux-gnu/lib64;/opt/atk-dlrv1126b-toolchain/aarch64-buildroot-linux-gnu/sysroot/lib64;/opt/atk-dlrv1126b-toolchain/aarch64-buildroot-linux-gnu/sysroot/usr/lib64;/opt/atk-dlrv1126b-toolchain/aarch64-buildroot-linux-gnu/lib;/opt/atk-dlrv1126b-toolchain/aarch64-buildroot-linux-gnu/sysroot/lib;/opt/atk-dlrv1126b-toolchain/aarch64-buildroot-linux-gnu/sysroot/usr/lib]
  implicit fwks: []


Determining if the include file pthread.h exists passed with the following output:
Change Dir: /home/alientek/linux/video-yolo26/cpp/build/build_atk_rknn_yolo26_cam_rv1126b_linux_aarch64_Release/CMakeFiles/CMakeTmp

Run Build Command(s):/usr/bin/make cmTC_a4539/fast && /usr/bin/make -f CMakeFiles/cmTC_a4539.dir/build.make CMakeFiles/cmTC_a4539.dir/build
make[1]: 进入目录“/home/alientek/linux/video-yolo26/cpp/build/build_atk_rknn_yolo26_cam_rv1126b_linux_aarch64_Release/CMakeFiles/CMakeTmp”
Building C object CMakeFiles/cmTC_a4539.dir/CheckIncludeFile.c.o
/opt/atk-dlrv1126b-toolchain/bin/aarch64-buildroot-linux-gnu-gcc --sysroot=/opt/atk-dlrv1126b-toolchain/aarch64-buildroot-linux-gnu/sysroot    -o CMakeFiles/cmTC_a4539.dir/CheckIncludeFile.c.o   -c /home/alientek/linux/video-yolo26/cpp/build/build_atk_rknn_yolo26_cam_rv1126b_linux_aarch64_Release/CMakeFiles/CMakeTmp/CheckIncludeFile.c
Linking C executable cmTC_a4539
/usr/bin/cmake -E cmake_link_script CMakeFiles/cmTC_a4539.dir/link.txt --verbose=1
/opt/atk-dlrv1126b-toolchain/bin/aarch64-buildroot-linux-gnu-gcc --sysroot=/opt/atk-dlrv1126b-toolchain/aarch64-buildroot-linux-gnu/sysroot      CMakeFiles/cmTC_a4539.dir/CheckIncludeFile.c.o  -o cmTC_a4539 
make[1]: 离开目录“/home/alientek/linux/video-yolo26/cpp/build/build_atk_rknn_yolo26_cam_rv1126b_linux_aarch64_Release/CMakeFiles/CMakeTmp”



Performing C SOURCE FILE Test CMAKE_HAVE_LIBC_PTHREAD succeeded with the following output:
Change Dir: /home/alientek/linux/video-yolo26/cpp/build/build_atk_rknn_yolo26_cam_rv1126b_linux_aarch64_Release/CMakeFiles/CMakeTmp

Run Build Command(s):/usr/bin/make cmTC_c005e/fast && /usr/bin/make -f CMakeFiles/cmTC_c005e.dir/build.make CMakeFiles/cmTC_c005e.dir/build
make[1]: 进入目录“/home/alientek/linux/video-yolo26/cpp/build/build_atk_rknn_yolo26_cam_rv1126b_linux_aarch64_Release/CMakeFiles/CMakeTmp”
Building C object CMakeFiles/cmTC_c005e.dir/src.c.o
/opt/atk-dlrv1126b-toolchain/bin/aarch64-buildroot-linux-gnu-gcc --sysroot=/opt/atk-dlrv1126b-toolchain/aarch64-buildroot-linux-gnu/sysroot   -DCMAKE_HAVE_LIBC_PTHREAD   -o CMakeFiles/cmTC_c005e.dir/src.c.o   -c /home/alientek/linux/video-yolo26/cpp/build/build_atk_rknn_yolo26_cam_rv1126b_linux_aarch64_Release/CMakeFiles/CMakeTmp/src.c
Linking C executable cmTC_c005e
/usr/bin/cmake -E cmake_link_script CMakeFiles/cmTC_c005e.dir/link.txt --verbose=1
/opt/atk-dlrv1126b-toolchain/bin/aarch64-buildroot-linux-gnu-gcc --sysroot=/opt/atk-dlrv1126b-toolchain/aarch64-buildroot-linux-gnu/sysroot  -DCMAKE_HAVE_LIBC_PTHREAD    CMakeFiles/cmTC_c005e.dir/src.c.o  -o cmTC_c005e 
make[1]: 离开目录“/home/alientek/linux/video-yolo26/cpp/build/build_atk_rknn_yolo26_cam_rv1126b_linux_aarch64_Release/CMakeFiles/CMakeTmp”


Source file was:
#include <pthread.h>

void* test_func(void* data)
{
  return data;
}

int main(void)
{
  pthread_t thread;
  pthread_create(&thread, NULL, test_func, NULL);
  pthread_detach(thread);
  pthread_join(thread, NULL);
  pthread_atfork(NULL, NULL, NULL);
  pthread_exit(NULL);

  return 0;
}

